Start testing: Feb 17 22:42 UTC
----------------------------------------------------------
1/50 Testing: Pivot.Empty
1/50 Test: Pivot.Empty
Command: "/usr/bin/valgrind" "--tool=memcheck" "--leak-check=yes" "--trace-children=no" "--error-exitcode=113" "/home/codio/workspace/hw3/hw3_tests/llrec_tests/llrec_tests" "--gtest_filter=Pivot.Empty"
Directory: /home/codio/workspace/hw3/hw3_tests/llrec_tests
"Pivot.Empty" start time: Feb 17 22:42 UTC
Output:
----------------------------------------------------------
==1219== Memcheck, a memory error detector
==1219== Copyright (C) 2002-2017, and GNU GPL'd, by Julian Seward et al.
==1219== Using Valgrind-3.13.0 and LibVEX; rerun with -h for copyright info
==1219== Command: /home/codio/workspace/hw3/hw3_tests/llrec_tests/llrec_tests --gtest_filter=Pivot.Empty
==1219== 
Running main() from /home/codio/googletest/googletest/src/gtest_main.cc
Note: Google Test filter = Pivot.Empty
[==========] Running 1 test from 1 test suite.
[----------] Global test environment set-up.
[----------] 1 test from Pivot
[ RUN      ] Pivot.Empty
[       OK ] Pivot.Empty (22 ms)
[----------] 1 test from Pivot (32 ms total)

[----------] Global test environment tear-down
[==========] 1 test from 1 test suite ran. (90 ms total)
[  PASSED  ] 1 test.
==1219== 
==1219== HEAP SUMMARY:
==1219==     in use at exit: 0 bytes in 0 blocks
==1219==   total heap usage: 404 allocs, 404 frees, 133,083 bytes allocated
==1219== 
==1219== All heap blocks were freed -- no leaks are possible
==1219== 
==1219== For counts of detected and suppressed errors, rerun with: -v
==1219== ERROR SUMMARY: 0 errors from 0 contexts (suppressed: 0 from 0)
<end of output>
Test time =   1.74 sec
----------------------------------------------------------
Test Passed.
"Pivot.Empty" end time: Feb 17 22:42 UTC
"Pivot.Empty" time elapsed: 00:00:01
----------------------------------------------------------

2/50 Testing: Pivot.Size1SmallEmpty
2/50 Test: Pivot.Size1SmallEmpty
Command: "/usr/bin/valgrind" "--tool=memcheck" "--leak-check=yes" "--trace-children=no" "--error-exitcode=113" "/home/codio/workspace/hw3/hw3_tests/llrec_tests/llrec_tests" "--gtest_filter=Pivot.Size1SmallEmpty"
Directory: /home/codio/workspace/hw3/hw3_tests/llrec_tests
"Pivot.Size1SmallEmpty" start time: Feb 17 22:42 UTC
Output:
----------------------------------------------------------
==1220== Memcheck, a memory error detector
==1220== Copyright (C) 2002-2017, and GNU GPL'd, by Julian Seward et al.
==1220== Using Valgrind-3.13.0 and LibVEX; rerun with -h for copyright info
==1220== Command: /home/codio/workspace/hw3/hw3_tests/llrec_tests/llrec_tests --gtest_filter=Pivot.Size1SmallEmpty
==1220== 
Running main() from /home/codio/googletest/googletest/src/gtest_main.cc
Note: Google Test filter = Pivot.Size1SmallEmpty
[==========] Running 1 test from 1 test suite.
[----------] Global test environment set-up.
[----------] 1 test from Pivot
[ RUN      ] Pivot.Size1SmallEmpty
[       OK ] Pivot.Size1SmallEmpty (32 ms)
[----------] 1 test from Pivot (42 ms total)

[----------] Global test environment tear-down
[==========] 1 test from 1 test suite ran. (94 ms total)
[  PASSED  ] 1 test.
==1220== 
==1220== HEAP SUMMARY:
==1220==     in use at exit: 0 bytes in 0 blocks
==1220==   total heap usage: 413 allocs, 413 frees, 133,328 bytes allocated
==1220== 
==1220== All heap blocks were freed -- no leaks are possible
==1220== 
==1220== For counts of detected and suppressed errors, rerun with: -v
==1220== ERROR SUMMARY: 0 errors from 0 contexts (suppressed: 0 from 0)
<end of output>
Test time =   1.59 sec
----------------------------------------------------------
Test Passed.
"Pivot.Size1SmallEmpty" end time: Feb 17 22:42 UTC
"Pivot.Size1SmallEmpty" time elapsed: 00:00:01
----------------------------------------------------------

3/50 Testing: Pivot.Size1LargeEmpty
3/50 Test: Pivot.Size1LargeEmpty
Command: "/usr/bin/valgrind" "--tool=memcheck" "--leak-check=yes" "--trace-children=no" "--error-exitcode=113" "/home/codio/workspace/hw3/hw3_tests/llrec_tests/llrec_tests" "--gtest_filter=Pivot.Size1LargeEmpty"
Directory: /home/codio/workspace/hw3/hw3_tests/llrec_tests
"Pivot.Size1LargeEmpty" start time: Feb 17 22:42 UTC
Output:
----------------------------------------------------------
==1221== Memcheck, a memory error detector
==1221== Copyright (C) 2002-2017, and GNU GPL'd, by Julian Seward et al.
==1221== Using Valgrind-3.13.0 and LibVEX; rerun with -h for copyright info
==1221== Command: /home/codio/workspace/hw3/hw3_tests/llrec_tests/llrec_tests --gtest_filter=Pivot.Size1LargeEmpty
==1221== 
Running main() from /home/codio/googletest/googletest/src/gtest_main.cc
Note: Google Test filter = Pivot.Size1LargeEmpty
[==========] Running 1 test from 1 test suite.
[----------] Global test environment set-up.
[----------] 1 test from Pivot
[ RUN      ] Pivot.Size1LargeEmpty
[       OK ] Pivot.Size1LargeEmpty (38 ms)
[----------] 1 test from Pivot (50 ms total)

[----------] Global test environment tear-down
[==========] 1 test from 1 test suite ran. (109 ms total)
[  PASSED  ] 1 test.
==1221== 
==1221== HEAP SUMMARY:
==1221==     in use at exit: 0 bytes in 0 blocks
==1221==   total heap usage: 413 allocs, 413 frees, 133,328 bytes allocated
==1221== 
==1221== All heap blocks were freed -- no leaks are possible
==1221== 
==1221== For counts of detected and suppressed errors, rerun with: -v
==1221== ERROR SUMMARY: 0 errors from 0 contexts (suppressed: 0 from 0)
<end of output>
Test time =   1.62 sec
----------------------------------------------------------
Test Passed.
"Pivot.Size1LargeEmpty" end time: Feb 17 22:42 UTC
"Pivot.Size1LargeEmpty" time elapsed: 00:00:01
----------------------------------------------------------

4/50 Testing: Pivot.Size2SmallLarge
4/50 Test: Pivot.Size2SmallLarge
Command: "/usr/bin/valgrind" "--tool=memcheck" "--leak-check=yes" "--trace-children=no" "--error-exitcode=113" "/home/codio/workspace/hw3/hw3_tests/llrec_tests/llrec_tests" "--gtest_filter=Pivot.Size2SmallLarge"
Directory: /home/codio/workspace/hw3/hw3_tests/llrec_tests
"Pivot.Size2SmallLarge" start time: Feb 17 22:42 UTC
Output:
----------------------------------------------------------
==1222== Memcheck, a memory error detector
==1222== Copyright (C) 2002-2017, and GNU GPL'd, by Julian Seward et al.
==1222== Using Valgrind-3.13.0 and LibVEX; rerun with -h for copyright info
==1222== Command: /home/codio/workspace/hw3/hw3_tests/llrec_tests/llrec_tests --gtest_filter=Pivot.Size2SmallLarge
==1222== 
Running main() from /home/codio/googletest/googletest/src/gtest_main.cc
Note: Google Test filter = Pivot.Size2SmallLarge
[==========] Running 1 test from 1 test suite.
[----------] Global test environment set-up.
[----------] 1 test from Pivot
[ RUN      ] Pivot.Size2SmallLarge
[       OK ] Pivot.Size2SmallLarge (32 ms)
[----------] 1 test from Pivot (41 ms total)

[----------] Global test environment tear-down
[==========] 1 test from 1 test suite ran. (92 ms total)
[  PASSED  ] 1 test.
==1222== 
==1222== HEAP SUMMARY:
==1222==     in use at exit: 0 bytes in 0 blocks
==1222==   total heap usage: 415 allocs, 415 frees, 133,352 bytes allocated
==1222== 
==1222== All heap blocks were freed -- no leaks are possible
==1222== 
==1222== For counts of detected and suppressed errors, rerun with: -v
==1222== ERROR SUMMARY: 0 errors from 0 contexts (suppressed: 0 from 0)
<end of output>
Test time =   1.58 sec
----------------------------------------------------------
Test Passed.
"Pivot.Size2SmallLarge" end time: Feb 17 22:42 UTC
"Pivot.Size2SmallLarge" time elapsed: 00:00:01
----------------------------------------------------------

5/50 Testing: Pivot.Size2LargeSmall
5/50 Test: Pivot.Size2LargeSmall
Command: "/usr/bin/valgrind" "--tool=memcheck" "--leak-check=yes" "--trace-children=no" "--error-exitcode=113" "/home/codio/workspace/hw3/hw3_tests/llrec_tests/llrec_tests" "--gtest_filter=Pivot.Size2LargeSmall"
Directory: /home/codio/workspace/hw3/hw3_tests/llrec_tests
"Pivot.Size2LargeSmall" start time: Feb 17 22:42 UTC
Output:
----------------------------------------------------------
==1223== Memcheck, a memory error detector
==1223== Copyright (C) 2002-2017, and GNU GPL'd, by Julian Seward et al.
==1223== Using Valgrind-3.13.0 and LibVEX; rerun with -h for copyright info
==1223== Command: /home/codio/workspace/hw3/hw3_tests/llrec_tests/llrec_tests --gtest_filter=Pivot.Size2LargeSmall
==1223== 
Running main() from /home/codio/googletest/googletest/src/gtest_main.cc
Note: Google Test filter = Pivot.Size2LargeSmall
[==========] Running 1 test from 1 test suite.
[----------] Global test environment set-up.
[----------] 1 test from Pivot
[ RUN      ] Pivot.Size2LargeSmall
[       OK ] Pivot.Size2LargeSmall (37 ms)
[----------] 1 test from Pivot (47 ms total)

[----------] Global test environment tear-down
[==========] 1 test from 1 test suite ran. (103 ms total)
[  PASSED  ] 1 test.
==1223== 
==1223== HEAP SUMMARY:
==1223==     in use at exit: 0 bytes in 0 blocks
==1223==   total heap usage: 415 allocs, 415 frees, 133,352 bytes allocated
==1223== 
==1223== All heap blocks were freed -- no leaks are possible
==1223== 
==1223== For counts of detected and suppressed errors, rerun with: -v
==1223== ERROR SUMMARY: 0 errors from 0 contexts (suppressed: 0 from 0)
<end of output>
Test time =   1.59 sec
----------------------------------------------------------
Test Passed.
"Pivot.Size2LargeSmall" end time: Feb 17 22:42 UTC
"Pivot.Size2LargeSmall" time elapsed: 00:00:01
----------------------------------------------------------

6/50 Testing: Pivot.Size3LargeSmallLarge
6/50 Test: Pivot.Size3LargeSmallLarge
Command: "/usr/bin/valgrind" "--tool=memcheck" "--leak-check=yes" "--trace-children=no" "--error-exitcode=113" "/home/codio/workspace/hw3/hw3_tests/llrec_tests/llrec_tests" "--gtest_filter=Pivot.Size3LargeSmallLarge"
Directory: /home/codio/workspace/hw3/hw3_tests/llrec_tests
"Pivot.Size3LargeSmallLarge" start time: Feb 17 22:42 UTC
Output:
----------------------------------------------------------
==1224== Memcheck, a memory error detector
==1224== Copyright (C) 2002-2017, and GNU GPL'd, by Julian Seward et al.
==1224== Using Valgrind-3.13.0 and LibVEX; rerun with -h for copyright info
==1224== Command: /home/codio/workspace/hw3/hw3_tests/llrec_tests/llrec_tests --gtest_filter=Pivot.Size3LargeSmallLarge
==1224== 
Running main() from /home/codio/googletest/googletest/src/gtest_main.cc
Note: Google Test filter = Pivot.Size3LargeSmallLarge
[==========] Running 1 test from 1 test suite.
[----------] Global test environment set-up.
[----------] 1 test from Pivot
[ RUN      ] Pivot.Size3LargeSmallLarge
[       OK ] Pivot.Size3LargeSmallLarge (36 ms)
[----------] 1 test from Pivot (47 ms total)

[----------] Global test environment tear-down
[==========] 1 test from 1 test suite ran. (111 ms total)
[  PASSED  ] 1 test.
==1224== 
==1224== HEAP SUMMARY:
==1224==     in use at exit: 0 bytes in 0 blocks
==1224==   total heap usage: 416 allocs, 416 frees, 133,426 bytes allocated
==1224== 
==1224== All heap blocks were freed -- no leaks are possible
==1224== 
==1224== For counts of detected and suppressed errors, rerun with: -v
==1224== ERROR SUMMARY: 0 errors from 0 contexts (suppressed: 0 from 0)
<end of output>
Test time =   1.60 sec
----------------------------------------------------------
Test Passed.
"Pivot.Size3LargeSmallLarge" end time: Feb 17 22:42 UTC
"Pivot.Size3LargeSmallLarge" time elapsed: 00:00:01
----------------------------------------------------------

7/50 Testing: Pivot.Size3SmallLargeSmall
7/50 Test: Pivot.Size3SmallLargeSmall
Command: "/usr/bin/valgrind" "--tool=memcheck" "--leak-check=yes" "--trace-children=no" "--error-exitcode=113" "/home/codio/workspace/hw3/hw3_tests/llrec_tests/llrec_tests" "--gtest_filter=Pivot.Size3SmallLargeSmall"
Directory: /home/codio/workspace/hw3/hw3_tests/llrec_tests
"Pivot.Size3SmallLargeSmall" start time: Feb 17 22:42 UTC
Output:
----------------------------------------------------------
==1225== Memcheck, a memory error detector
==1225== Copyright (C) 2002-2017, and GNU GPL'd, by Julian Seward et al.
==1225== Using Valgrind-3.13.0 and LibVEX; rerun with -h for copyright info
==1225== Command: /home/codio/workspace/hw3/hw3_tests/llrec_tests/llrec_tests --gtest_filter=Pivot.Size3SmallLargeSmall
==1225== 
Running main() from /home/codio/googletest/googletest/src/gtest_main.cc
Note: Google Test filter = Pivot.Size3SmallLargeSmall
[==========] Running 1 test from 1 test suite.
[----------] Global test environment set-up.
[----------] 1 test from Pivot
[ RUN      ] Pivot.Size3SmallLargeSmall
[       OK ] Pivot.Size3SmallLargeSmall (35 ms)
[----------] 1 test from Pivot (45 ms total)

[----------] Global test environment tear-down
[==========] 1 test from 1 test suite ran. (98 ms total)
[  PASSED  ] 1 test.
==1225== 
==1225== HEAP SUMMARY:
==1225==     in use at exit: 0 bytes in 0 blocks
==1225==   total heap usage: 416 allocs, 416 frees, 133,426 bytes allocated
==1225== 
==1225== All heap blocks were freed -- no leaks are possible
==1225== 
==1225== For counts of detected and suppressed errors, rerun with: -v
==1225== ERROR SUMMARY: 0 errors from 0 contexts (suppressed: 0 from 0)
<end of output>
Test time =   1.57 sec
----------------------------------------------------------
Test Passed.
"Pivot.Size3SmallLargeSmall" end time: Feb 17 22:42 UTC
"Pivot.Size3SmallLargeSmall" time elapsed: 00:00:01
----------------------------------------------------------

8/50 Testing: Pivot.Size3LargeLargeSmall
8/50 Test: Pivot.Size3LargeLargeSmall
Command: "/usr/bin/valgrind" "--tool=memcheck" "--leak-check=yes" "--trace-children=no" "--error-exitcode=113" "/home/codio/workspace/hw3/hw3_tests/llrec_tests/llrec_tests" "--gtest_filter=Pivot.Size3LargeLargeSmall"
Directory: /home/codio/workspace/hw3/hw3_tests/llrec_tests
"Pivot.Size3LargeLargeSmall" start time: Feb 17 22:42 UTC
Output:
----------------------------------------------------------
==1226== Memcheck, a memory error detector
==1226== Copyright (C) 2002-2017, and GNU GPL'd, by Julian Seward et al.
==1226== Using Valgrind-3.13.0 and LibVEX; rerun with -h for copyright info
==1226== Command: /home/codio/workspace/hw3/hw3_tests/llrec_tests/llrec_tests --gtest_filter=Pivot.Size3LargeLargeSmall
==1226== 
Running main() from /home/codio/googletest/googletest/src/gtest_main.cc
Note: Google Test filter = Pivot.Size3LargeLargeSmall
[==========] Running 1 test from 1 test suite.
[----------] Global test environment set-up.
[----------] 1 test from Pivot
[ RUN      ] Pivot.Size3LargeLargeSmall
[       OK ] Pivot.Size3LargeLargeSmall (38 ms)
[----------] 1 test from Pivot (49 ms total)

[----------] Global test environment tear-down
[==========] 1 test from 1 test suite ran. (103 ms total)
[  PASSED  ] 1 test.
==1226== 
==1226== HEAP SUMMARY:
==1226==     in use at exit: 0 bytes in 0 blocks
==1226==   total heap usage: 416 allocs, 416 frees, 133,426 bytes allocated
==1226== 
==1226== All heap blocks were freed -- no leaks are possible
==1226== 
==1226== For counts of detected and suppressed errors, rerun with: -v
==1226== ERROR SUMMARY: 0 errors from 0 contexts (suppressed: 0 from 0)
<end of output>
Test time =   1.62 sec
----------------------------------------------------------
Test Passed.
"Pivot.Size3LargeLargeSmall" end time: Feb 17 22:42 UTC
"Pivot.Size3LargeLargeSmall" time elapsed: 00:00:01
----------------------------------------------------------

9/50 Testing: Pivot.Size6SmallThenLarge
9/50 Test: Pivot.Size6SmallThenLarge
Command: "/usr/bin/valgrind" "--tool=memcheck" "--leak-check=yes" "--trace-children=no" "--error-exitcode=113" "/home/codio/workspace/hw3/hw3_tests/llrec_tests/llrec_tests" "--gtest_filter=Pivot.Size6SmallThenLarge"
Directory: /home/codio/workspace/hw3/hw3_tests/llrec_tests
"Pivot.Size6SmallThenLarge" start time: Feb 17 22:42 UTC
Output:
----------------------------------------------------------
==1227== Memcheck, a memory error detector
==1227== Copyright (C) 2002-2017, and GNU GPL'd, by Julian Seward et al.
==1227== Using Valgrind-3.13.0 and LibVEX; rerun with -h for copyright info
==1227== Command: /home/codio/workspace/hw3/hw3_tests/llrec_tests/llrec_tests --gtest_filter=Pivot.Size6SmallThenLarge
==1227== 
Running main() from /home/codio/googletest/googletest/src/gtest_main.cc
Note: Google Test filter = Pivot.Size6SmallThenLarge
[==========] Running 1 test from 1 test suite.
[----------] Global test environment set-up.
[----------] 1 test from Pivot
[ RUN      ] Pivot.Size6SmallThenLarge
[       OK ] Pivot.Size6SmallThenLarge (32 ms)
[----------] 1 test from Pivot (41 ms total)

[----------] Global test environment tear-down
[==========] 1 test from 1 test suite ran. (92 ms total)
[  PASSED  ] 1 test.
==1227== 
==1227== HEAP SUMMARY:
==1227==     in use at exit: 0 bytes in 0 blocks
==1227==   total heap usage: 419 allocs, 419 frees, 133,488 bytes allocated
==1227== 
==1227== All heap blocks were freed -- no leaks are possible
==1227== 
==1227== For counts of detected and suppressed errors, rerun with: -v
==1227== ERROR SUMMARY: 0 errors from 0 contexts (suppressed: 0 from 0)
<end of output>
Test time =   1.52 sec
----------------------------------------------------------
Test Passed.
"Pivot.Size6SmallThenLarge" end time: Feb 17 22:42 UTC
"Pivot.Size6SmallThenLarge" time elapsed: 00:00:01
----------------------------------------------------------

10/50 Testing: Pivot.Size6LargeThenSmall
10/50 Test: Pivot.Size6LargeThenSmall
Command: "/usr/bin/valgrind" "--tool=memcheck" "--leak-check=yes" "--trace-children=no" "--error-exitcode=113" "/home/codio/workspace/hw3/hw3_tests/llrec_tests/llrec_tests" "--gtest_filter=Pivot.Size6LargeThenSmall"
Directory: /home/codio/workspace/hw3/hw3_tests/llrec_tests
"Pivot.Size6LargeThenSmall" start time: Feb 17 22:42 UTC
Output:
----------------------------------------------------------
==1228== Memcheck, a memory error detector
==1228== Copyright (C) 2002-2017, and GNU GPL'd, by Julian Seward et al.
==1228== Using Valgrind-3.13.0 and LibVEX; rerun with -h for copyright info
==1228== Command: /home/codio/workspace/hw3/hw3_tests/llrec_tests/llrec_tests --gtest_filter=Pivot.Size6LargeThenSmall
==1228== 
Running main() from /home/codio/googletest/googletest/src/gtest_main.cc
Note: Google Test filter = Pivot.Size6LargeThenSmall
[==========] Running 1 test from 1 test suite.
[----------] Global test environment set-up.
[----------] 1 test from Pivot
[ RUN      ] Pivot.Size6LargeThenSmall
[       OK ] Pivot.Size6LargeThenSmall (32 ms)
[----------] 1 test from Pivot (41 ms total)

[----------] Global test environment tear-down
[==========] 1 test from 1 test suite ran. (91 ms total)
[  PASSED  ] 1 test.
==1228== 
==1228== HEAP SUMMARY:
==1228==     in use at exit: 0 bytes in 0 blocks
==1228==   total heap usage: 419 allocs, 419 frees, 133,488 bytes allocated
==1228== 
==1228== All heap blocks were freed -- no leaks are possible
==1228== 
==1228== For counts of detected and suppressed errors, rerun with: -v
==1228== ERROR SUMMARY: 0 errors from 0 contexts (suppressed: 0 from 0)
<end of output>
Test time =   1.46 sec
----------------------------------------------------------
Test Passed.
"Pivot.Size6LargeThenSmall" end time: Feb 17 22:42 UTC
"Pivot.Size6LargeThenSmall" time elapsed: 00:00:01
----------------------------------------------------------

11/50 Testing: Pivot.Nominal
11/50 Test: Pivot.Nominal
Command: "/usr/bin/valgrind" "--tool=memcheck" "--leak-check=yes" "--trace-children=no" "--error-exitcode=113" "/home/codio/workspace/hw3/hw3_tests/llrec_tests/llrec_tests" "--gtest_filter=Pivot.Nominal"
Directory: /home/codio/workspace/hw3/hw3_tests/llrec_tests
"Pivot.Nominal" start time: Feb 17 22:42 UTC
Output:
----------------------------------------------------------
==1229== Memcheck, a memory error detector
==1229== Copyright (C) 2002-2017, and GNU GPL'd, by Julian Seward et al.
==1229== Using Valgrind-3.13.0 and LibVEX; rerun with -h for copyright info
==1229== Command: /home/codio/workspace/hw3/hw3_tests/llrec_tests/llrec_tests --gtest_filter=Pivot.Nominal
==1229== 
Running main() from /home/codio/googletest/googletest/src/gtest_main.cc
Note: Google Test filter = Pivot.Nominal
[==========] Running 1 test from 1 test suite.
[----------] Global test environment set-up.
[----------] 1 test from Pivot
[ RUN      ] Pivot.Nominal
[       OK ] Pivot.Nominal (35 ms)
[----------] 1 test from Pivot (50 ms total)

[----------] Global test environment tear-down
[==========] 1 test from 1 test suite ran. (118 ms total)
[  PASSED  ] 1 test.
==1229== 
==1229== HEAP SUMMARY:
==1229==     in use at exit: 0 bytes in 0 blocks
==1229==   total heap usage: 411 allocs, 411 frees, 133,189 bytes allocated
==1229== 
==1229== All heap blocks were freed -- no leaks are possible
==1229== 
==1229== For counts of detected and suppressed errors, rerun with: -v
==1229== ERROR SUMMARY: 0 errors from 0 contexts (suppressed: 0 from 0)
<end of output>
Test time =   1.56 sec
----------------------------------------------------------
Test Passed.
"Pivot.Nominal" end time: Feb 17 22:42 UTC
"Pivot.Nominal" time elapsed: 00:00:01
----------------------------------------------------------

12/50 Testing: Pivot.SameValues
12/50 Test: Pivot.SameValues
Command: "/usr/bin/valgrind" "--tool=memcheck" "--leak-check=yes" "--trace-children=no" "--error-exitcode=113" "/home/codio/workspace/hw3/hw3_tests/llrec_tests/llrec_tests" "--gtest_filter=Pivot.SameValues"
Directory: /home/codio/workspace/hw3/hw3_tests/llrec_tests
"Pivot.SameValues" start time: Feb 17 22:42 UTC
Output:
----------------------------------------------------------
==1230== Memcheck, a memory error detector
==1230== Copyright (C) 2002-2017, and GNU GPL'd, by Julian Seward et al.
==1230== Using Valgrind-3.13.0 and LibVEX; rerun with -h for copyright info
==1230== Command: /home/codio/workspace/hw3/hw3_tests/llrec_tests/llrec_tests --gtest_filter=Pivot.SameValues
==1230== 
Running main() from /home/codio/googletest/googletest/src/gtest_main.cc
Note: Google Test filter = Pivot.SameValues
[==========] Running 1 test from 1 test suite.
[----------] Global test environment set-up.
[----------] 1 test from Pivot
[ RUN      ] Pivot.SameValues
[       OK ] Pivot.SameValues (31 ms)
[----------] 1 test from Pivot (40 ms total)

[----------] Global test environment tear-down
[==========] 1 test from 1 test suite ran. (90 ms total)
[  PASSED  ] 1 test.
==1230== 
==1230== HEAP SUMMARY:
==1230==     in use at exit: 0 bytes in 0 blocks
==1230==   total heap usage: 416 allocs, 416 frees, 133,350 bytes allocated
==1230== 
==1230== All heap blocks were freed -- no leaks are possible
==1230== 
==1230== For counts of detected and suppressed errors, rerun with: -v
==1230== ERROR SUMMARY: 0 errors from 0 contexts (suppressed: 0 from 0)
<end of output>
Test time =   1.77 sec
----------------------------------------------------------
Test Passed.
"Pivot.SameValues" end time: Feb 17 22:42 UTC
"Pivot.SameValues" time elapsed: 00:00:01
----------------------------------------------------------

13/50 Testing: Pivot.NoCopySameNodeCheck
13/50 Test: Pivot.NoCopySameNodeCheck
Command: "/usr/bin/valgrind" "--tool=memcheck" "--leak-check=yes" "--trace-children=no" "--error-exitcode=113" "/home/codio/workspace/hw3/hw3_tests/llrec_tests/llrec_tests" "--gtest_filter=Pivot.NoCopySameNodeCheck"
Directory: /home/codio/workspace/hw3/hw3_tests/llrec_tests
"Pivot.NoCopySameNodeCheck" start time: Feb 17 22:42 UTC
Output:
----------------------------------------------------------
==1231== Memcheck, a memory error detector
==1231== Copyright (C) 2002-2017, and GNU GPL'd, by Julian Seward et al.
==1231== Using Valgrind-3.13.0 and LibVEX; rerun with -h for copyright info
==1231== Command: /home/codio/workspace/hw3/hw3_tests/llrec_tests/llrec_tests --gtest_filter=Pivot.NoCopySameNodeCheck
==1231== 
Running main() from /home/codio/googletest/googletest/src/gtest_main.cc
Note: Google Test filter = Pivot.NoCopySameNodeCheck
[==========] Running 1 test from 1 test suite.
[----------] Global test environment set-up.
[----------] 1 test from Pivot
[ RUN      ] Pivot.NoCopySameNodeCheck
[       OK ] Pivot.NoCopySameNodeCheck (53 ms)
[----------] 1 test from Pivot (66 ms total)

[----------] Global test environment tear-down
[==========] 1 test from 1 test suite ran. (126 ms total)
[  PASSED  ] 1 test.
==1231== 
==1231== HEAP SUMMARY:
==1231==     in use at exit: 0 bytes in 0 blocks
==1231==   total heap usage: 420 allocs, 420 frees, 133,496 bytes allocated
==1231== 
==1231== All heap blocks were freed -- no leaks are possible
==1231== 
==1231== For counts of detected and suppressed errors, rerun with: -v
==1231== ERROR SUMMARY: 0 errors from 0 contexts (suppressed: 0 from 0)
<end of output>
Test time =   1.57 sec
----------------------------------------------------------
Test Passed.
"Pivot.NoCopySameNodeCheck" end time: Feb 17 22:42 UTC
"Pivot.NoCopySameNodeCheck" time elapsed: 00:00:01
----------------------------------------------------------

14/50 Testing: Filter.EmptyList
14/50 Test: Filter.EmptyList
Command: "/usr/bin/valgrind" "--tool=memcheck" "--leak-check=yes" "--trace-children=no" "--error-exitcode=113" "/home/codio/workspace/hw3/hw3_tests/llrec_tests/llrec_tests" "--gtest_filter=Filter.EmptyList"
Directory: /home/codio/workspace/hw3/hw3_tests/llrec_tests
"Filter.EmptyList" start time: Feb 17 22:42 UTC
Output:
----------------------------------------------------------
==1232== Memcheck, a memory error detector
==1232== Copyright (C) 2002-2017, and GNU GPL'd, by Julian Seward et al.
==1232== Using Valgrind-3.13.0 and LibVEX; rerun with -h for copyright info
==1232== Command: /home/codio/workspace/hw3/hw3_tests/llrec_tests/llrec_tests --gtest_filter=Filter.EmptyList
==1232== 
Running main() from /home/codio/googletest/googletest/src/gtest_main.cc
Note: Google Test filter = Filter.EmptyList
[==========] Running 1 test from 1 test suite.
[----------] Global test environment set-up.
[----------] 1 test from Filter
[ RUN      ] Filter.EmptyList
[       OK ] Filter.EmptyList (23 ms)
[----------] 1 test from Filter (32 ms total)

[----------] Global test environment tear-down
[==========] 1 test from 1 test suite ran. (86 ms total)
[  PASSED  ] 1 test.
==1232== 
==1232== HEAP SUMMARY:
==1232==     in use at exit: 0 bytes in 0 blocks
==1232==   total heap usage: 410 allocs, 410 frees, 133,254 bytes allocated
==1232== 
==1232== All heap blocks were freed -- no leaks are possible
==1232== 
==1232== For counts of detected and suppressed errors, rerun with: -v
==1232== ERROR SUMMARY: 0 errors from 0 contexts (suppressed: 0 from 0)
<end of output>
Test time =   1.53 sec
----------------------------------------------------------
Test Passed.
"Filter.EmptyList" end time: Feb 17 22:42 UTC
"Filter.EmptyList" time elapsed: 00:00:01
----------------------------------------------------------

15/50 Testing: Filter.Size1_F
15/50 Test: Filter.Size1_F
Command: "/usr/bin/valgrind" "--tool=memcheck" "--leak-check=yes" "--trace-children=no" "--error-exitcode=113" "/home/codio/workspace/hw3/hw3_tests/llrec_tests/llrec_tests" "--gtest_filter=Filter.Size1_F"
Directory: /home/codio/workspace/hw3/hw3_tests/llrec_tests
"Filter.Size1_F" start time: Feb 17 22:42 UTC
Output:
----------------------------------------------------------
==1233== Memcheck, a memory error detector
==1233== Copyright (C) 2002-2017, and GNU GPL'd, by Julian Seward et al.
==1233== Using Valgrind-3.13.0 and LibVEX; rerun with -h for copyright info
==1233== Command: /home/codio/workspace/hw3/hw3_tests/llrec_tests/llrec_tests --gtest_filter=Filter.Size1_F
==1233== 
Running main() from /home/codio/googletest/googletest/src/gtest_main.cc
Note: Google Test filter = Filter.Size1_F
[==========] Running 1 test from 1 test suite.
[----------] Global test environment set-up.
[----------] 1 test from Filter
[ RUN      ] Filter.Size1_F
[       OK ] Filter.Size1_F (34 ms)
[----------] 1 test from Filter (44 ms total)

[----------] Global test environment tear-down
[==========] 1 test from 1 test suite ran. (101 ms total)
[  PASSED  ] 1 test.
==1233== 
==1233== HEAP SUMMARY:
==1233==     in use at exit: 16 bytes in 1 blocks
==1233==   total heap usage: 407 allocs, 406 frees, 133,122 bytes allocated
==1233== 
==1233== 16 bytes in 1 blocks are definitely lost in loss record 1 of 1
==1233==    at 0x4C3017F: operator new(unsigned long) (in /usr/lib/valgrind/vgpreload_memcheck-amd64-linux.so)
==1233==    by 0x11AEB2: makeList(std::vector<int, std::allocator<int> > const&) (llrec_test_utils.cpp:16)
==1233==    by 0x112869: Filter_Size1_F_Test::TestBody() (llrec_tests.cpp:291)
==1233==    by 0x5109FD2: void testing::internal::HandleSehExceptionsInMethodIfSupported<testing::Test, void>(testing::Test*, void (testing::Test::*)(), char const*) (in /usr/lib/x86_64-linux-gnu/libgtest.so.1.11.0)
==1233==    by 0x5103038: void testing::internal::HandleExceptionsInMethodIfSupported<testing::Test, void>(testing::Test*, void (testing::Test::*)(), char const*) (in /usr/lib/x86_64-linux-gnu/libgtest.so.1.11.0)
==1233==    by 0x50E00DD: testing::Test::Run() (in /usr/lib/x86_64-linux-gnu/libgtest.so.1.11.0)
==1233==    by 0x50E0AF0: testing::TestInfo::Run() (in /usr/lib/x86_64-linux-gnu/libgtest.so.1.11.0)
==1233==    by 0x50E13EA: testing::TestSuite::Run() (in /usr/lib/x86_64-linux-gnu/libgtest.so.1.11.0)
==1233==    by 0x50F085A: testing::internal::UnitTestImpl::RunAllTests() (in /usr/lib/x86_64-linux-gnu/libgtest.so.1.11.0)
==1233==    by 0x510B1F2: bool testing::internal::HandleSehExceptionsInMethodIfSupported<testing::internal::UnitTestImpl, bool>(testing::internal::UnitTestImpl*, bool (testing::internal::UnitTestImpl::*)(), char const*) (in /usr/lib/x86_64-linux-gnu/libgtest.so.1.11.0)
==1233==    by 0x5103FBC: bool testing::internal::HandleExceptionsInMethodIfSupported<testing::internal::UnitTestImpl, bool>(testing::internal::UnitTestImpl*, bool (testing::internal::UnitTestImpl::*)(), char const*) (in /usr/lib/x86_64-linux-gnu/libgtest.so.1.11.0)
==1233==    by 0x50EEF2E: testing::UnitTest::Run() (in /usr/lib/x86_64-linux-gnu/libgtest.so.1.11.0)
==1233== 
==1233== LEAK SUMMARY:
==1233==    definitely lost: 16 bytes in 1 blocks
==1233==    indirectly lost: 0 bytes in 0 blocks
==1233==      possibly lost: 0 bytes in 0 blocks
==1233==    still reachable: 0 bytes in 0 blocks
==1233==         suppressed: 0 bytes in 0 blocks
==1233== 
==1233== For counts of detected and suppressed errors, rerun with: -v
==1233== ERROR SUMMARY: 1 errors from 1 contexts (suppressed: 0 from 0)
<end of output>
Test time =   1.56 sec
----------------------------------------------------------
Test Failed.
"Filter.Size1_F" end time: Feb 17 22:42 UTC
"Filter.Size1_F" time elapsed: 00:00:01
----------------------------------------------------------

16/50 Testing: Filter.Size1_nF
16/50 Test: Filter.Size1_nF
Command: "/usr/bin/valgrind" "--tool=memcheck" "--leak-check=yes" "--trace-children=no" "--error-exitcode=113" "/home/codio/workspace/hw3/hw3_tests/llrec_tests/llrec_tests" "--gtest_filter=Filter.Size1_nF"
Directory: /home/codio/workspace/hw3/hw3_tests/llrec_tests
"Filter.Size1_nF" start time: Feb 17 22:42 UTC
Output:
----------------------------------------------------------
==1234== Memcheck, a memory error detector
==1234== Copyright (C) 2002-2017, and GNU GPL'd, by Julian Seward et al.
==1234== Using Valgrind-3.13.0 and LibVEX; rerun with -h for copyright info
==1234== Command: /home/codio/workspace/hw3/hw3_tests/llrec_tests/llrec_tests --gtest_filter=Filter.Size1_nF
==1234== 
Running main() from /home/codio/googletest/googletest/src/gtest_main.cc
Note: Google Test filter = Filter.Size1_nF
[==========] Running 1 test from 1 test suite.
[----------] Global test environment set-up.
[----------] 1 test from Filter
[ RUN      ] Filter.Size1_nF
[       OK ] Filter.Size1_nF (30 ms)
[----------] 1 test from Filter (39 ms total)

[----------] Global test environment tear-down
[==========] 1 test from 1 test suite ran. (91 ms total)
[  PASSED  ] 1 test.
==1234== 
==1234== HEAP SUMMARY:
==1234==     in use at exit: 0 bytes in 0 blocks
==1234==   total heap usage: 408 allocs, 408 frees, 133,131 bytes allocated
==1234== 
==1234== All heap blocks were freed -- no leaks are possible
==1234== 
==1234== For counts of detected and suppressed errors, rerun with: -v
==1234== ERROR SUMMARY: 0 errors from 0 contexts (suppressed: 0 from 0)
<end of output>
Test time =   1.47 sec
----------------------------------------------------------
Test Passed.
"Filter.Size1_nF" end time: Feb 17 22:42 UTC
"Filter.Size1_nF" time elapsed: 00:00:01
----------------------------------------------------------

17/50 Testing: Filter.Size2_F_nF
17/50 Test: Filter.Size2_F_nF
Command: "/usr/bin/valgrind" "--tool=memcheck" "--leak-check=yes" "--trace-children=no" "--error-exitcode=113" "/home/codio/workspace/hw3/hw3_tests/llrec_tests/llrec_tests" "--gtest_filter=Filter.Size2_F_nF"
Directory: /home/codio/workspace/hw3/hw3_tests/llrec_tests
"Filter.Size2_F_nF" start time: Feb 17 22:42 UTC
Output:
----------------------------------------------------------
==1235== Memcheck, a memory error detector
==1235== Copyright (C) 2002-2017, and GNU GPL'd, by Julian Seward et al.
==1235== Using Valgrind-3.13.0 and LibVEX; rerun with -h for copyright info
==1235== Command: /home/codio/workspace/hw3/hw3_tests/llrec_tests/llrec_tests --gtest_filter=Filter.Size2_F_nF
==1235== 
Running main() from /home/codio/googletest/googletest/src/gtest_main.cc
Note: Google Test filter = Filter.Size2_F_nF
[==========] Running 1 test from 1 test suite.
[----------] Global test environment set-up.
[----------] 1 test from Filter
[ RUN      ] Filter.Size2_F_nF
[       OK ] Filter.Size2_F_nF (36 ms)
[----------] 1 test from Filter (48 ms total)

[----------] Global test environment tear-down
[==========] 1 test from 1 test suite ran. (102 ms total)
[  PASSED  ] 1 test.
==1235== 
==1235== HEAP SUMMARY:
==1235==     in use at exit: 16 bytes in 1 blocks
==1235==   total heap usage: 415 allocs, 414 frees, 133,316 bytes allocated
==1235== 
==1235== 16 bytes in 1 blocks are definitely lost in loss record 1 of 1
==1235==    at 0x4C3017F: operator new(unsigned long) (in /usr/lib/valgrind/vgpreload_memcheck-amd64-linux.so)
==1235==    by 0x11AEB2: makeList(std::vector<int, std::allocator<int> > const&) (llrec_test_utils.cpp:16)
==1235==    by 0x1131A7: Filter_Size2_F_nF_Test::TestBody() (llrec_tests.cpp:314)
==1235==    by 0x5109FD2: void testing::internal::HandleSehExceptionsInMethodIfSupported<testing::Test, void>(testing::Test*, void (testing::Test::*)(), char const*) (in /usr/lib/x86_64-linux-gnu/libgtest.so.1.11.0)
==1235==    by 0x5103038: void testing::internal::HandleExceptionsInMethodIfSupported<testing::Test, void>(testing::Test*, void (testing::Test::*)(), char const*) (in /usr/lib/x86_64-linux-gnu/libgtest.so.1.11.0)
==1235==    by 0x50E00DD: testing::Test::Run() (in /usr/lib/x86_64-linux-gnu/libgtest.so.1.11.0)
==1235==    by 0x50E0AF0: testing::TestInfo::Run() (in /usr/lib/x86_64-linux-gnu/libgtest.so.1.11.0)
==1235==    by 0x50E13EA: testing::TestSuite::Run() (in /usr/lib/x86_64-linux-gnu/libgtest.so.1.11.0)
==1235==    by 0x50F085A: testing::internal::UnitTestImpl::RunAllTests() (in /usr/lib/x86_64-linux-gnu/libgtest.so.1.11.0)
==1235==    by 0x510B1F2: bool testing::internal::HandleSehExceptionsInMethodIfSupported<testing::internal::UnitTestImpl, bool>(testing::internal::UnitTestImpl*, bool (testing::internal::UnitTestImpl::*)(), char const*) (in /usr/lib/x86_64-linux-gnu/libgtest.so.1.11.0)
==1235==    by 0x5103FBC: bool testing::internal::HandleExceptionsInMethodIfSupported<testing::internal::UnitTestImpl, bool>(testing::internal::UnitTestImpl*, bool (testing::internal::UnitTestImpl::*)(), char const*) (in /usr/lib/x86_64-linux-gnu/libgtest.so.1.11.0)
==1235==    by 0x50EEF2E: testing::UnitTest::Run() (in /usr/lib/x86_64-linux-gnu/libgtest.so.1.11.0)
==1235== 
==1235== LEAK SUMMARY:
==1235==    definitely lost: 16 bytes in 1 blocks
==1235==    indirectly lost: 0 bytes in 0 blocks
==1235==      possibly lost: 0 bytes in 0 blocks
==1235==    still reachable: 0 bytes in 0 blocks
==1235==         suppressed: 0 bytes in 0 blocks
==1235== 
==1235== For counts of detected and suppressed errors, rerun with: -v
==1235== ERROR SUMMARY: 1 errors from 1 contexts (suppressed: 0 from 0)
<end of output>
Test time =   1.66 sec
----------------------------------------------------------
Test Failed.
"Filter.Size2_F_nF" end time: Feb 17 22:42 UTC
"Filter.Size2_F_nF" time elapsed: 00:00:01
----------------------------------------------------------

18/50 Testing: Filter.Size2_nF_F
18/50 Test: Filter.Size2_nF_F
Command: "/usr/bin/valgrind" "--tool=memcheck" "--leak-check=yes" "--trace-children=no" "--error-exitcode=113" "/home/codio/workspace/hw3/hw3_tests/llrec_tests/llrec_tests" "--gtest_filter=Filter.Size2_nF_F"
Directory: /home/codio/workspace/hw3/hw3_tests/llrec_tests
"Filter.Size2_nF_F" start time: Feb 17 22:42 UTC
Output:
----------------------------------------------------------
==1236== Memcheck, a memory error detector
==1236== Copyright (C) 2002-2017, and GNU GPL'd, by Julian Seward et al.
==1236== Using Valgrind-3.13.0 and LibVEX; rerun with -h for copyright info
==1236== Command: /home/codio/workspace/hw3/hw3_tests/llrec_tests/llrec_tests --gtest_filter=Filter.Size2_nF_F
==1236== 
Running main() from /home/codio/googletest/googletest/src/gtest_main.cc
Note: Google Test filter = Filter.Size2_nF_F
[==========] Running 1 test from 1 test suite.
[----------] Global test environment set-up.
[----------] 1 test from Filter
[ RUN      ] Filter.Size2_nF_F
[       OK ] Filter.Size2_nF_F (31 ms)
[----------] 1 test from Filter (40 ms total)

[----------] Global test environment tear-down
[==========] 1 test from 1 test suite ran. (91 ms total)
[  PASSED  ] 1 test.
==1236== 
==1236== HEAP SUMMARY:
==1236==     in use at exit: 16 bytes in 1 blocks
==1236==   total heap usage: 414 allocs, 413 frees, 133,308 bytes allocated
==1236== 
==1236== 16 bytes in 1 blocks are definitely lost in loss record 1 of 1
==1236==    at 0x4C3017F: operator new(unsigned long) (in /usr/lib/valgrind/vgpreload_memcheck-amd64-linux.so)
==1236==    by 0x11AEDF: makeList(std::vector<int, std::allocator<int> > const&) (llrec_test_utils.cpp:20)
==1236==    by 0x11365F: Filter_Size2_nF_F_Test::TestBody() (llrec_tests.cpp:325)
==1236==    by 0x5109FD2: void testing::internal::HandleSehExceptionsInMethodIfSupported<testing::Test, void>(testing::Test*, void (testing::Test::*)(), char const*) (in /usr/lib/x86_64-linux-gnu/libgtest.so.1.11.0)
==1236==    by 0x5103038: void testing::internal::HandleExceptionsInMethodIfSupported<testing::Test, void>(testing::Test*, void (testing::Test::*)(), char const*) (in /usr/lib/x86_64-linux-gnu/libgtest.so.1.11.0)
==1236==    by 0x50E00DD: testing::Test::Run() (in /usr/lib/x86_64-linux-gnu/libgtest.so.1.11.0)
==1236==    by 0x50E0AF0: testing::TestInfo::Run() (in /usr/lib/x86_64-linux-gnu/libgtest.so.1.11.0)
==1236==    by 0x50E13EA: testing::TestSuite::Run() (in /usr/lib/x86_64-linux-gnu/libgtest.so.1.11.0)
==1236==    by 0x50F085A: testing::internal::UnitTestImpl::RunAllTests() (in /usr/lib/x86_64-linux-gnu/libgtest.so.1.11.0)
==1236==    by 0x510B1F2: bool testing::internal::HandleSehExceptionsInMethodIfSupported<testing::internal::UnitTestImpl, bool>(testing::internal::UnitTestImpl*, bool (testing::internal::UnitTestImpl::*)(), char const*) (in /usr/lib/x86_64-linux-gnu/libgtest.so.1.11.0)
==1236==    by 0x5103FBC: bool testing::internal::HandleExceptionsInMethodIfSupported<testing::internal::UnitTestImpl, bool>(testing::internal::UnitTestImpl*, bool (testing::internal::UnitTestImpl::*)(), char const*) (in /usr/lib/x86_64-linux-gnu/libgtest.so.1.11.0)
==1236==    by 0x50EEF2E: testing::UnitTest::Run() (in /usr/lib/x86_64-linux-gnu/libgtest.so.1.11.0)
==1236== 
==1236== LEAK SUMMARY:
==1236==    definitely lost: 16 bytes in 1 blocks
==1236==    indirectly lost: 0 bytes in 0 blocks
==1236==      possibly lost: 0 bytes in 0 blocks
==1236==    still reachable: 0 bytes in 0 blocks
==1236==         suppressed: 0 bytes in 0 blocks
==1236== 
==1236== For counts of detected and suppressed errors, rerun with: -v
==1236== ERROR SUMMARY: 1 errors from 1 contexts (suppressed: 0 from 0)
<end of output>
Test time =   1.48 sec
----------------------------------------------------------
Test Failed.
"Filter.Size2_nF_F" end time: Feb 17 22:42 UTC
"Filter.Size2_nF_F" time elapsed: 00:00:01
----------------------------------------------------------

19/50 Testing: Filter.Size3_nF_F_nF
19/50 Test: Filter.Size3_nF_F_nF
Command: "/usr/bin/valgrind" "--tool=memcheck" "--leak-check=yes" "--trace-children=no" "--error-exitcode=113" "/home/codio/workspace/hw3/hw3_tests/llrec_tests/llrec_tests" "--gtest_filter=Filter.Size3_nF_F_nF"
Directory: /home/codio/workspace/hw3/hw3_tests/llrec_tests
"Filter.Size3_nF_F_nF" start time: Feb 17 22:42 UTC
Output:
----------------------------------------------------------
==1237== Memcheck, a memory error detector
==1237== Copyright (C) 2002-2017, and GNU GPL'd, by Julian Seward et al.
==1237== Using Valgrind-3.13.0 and LibVEX; rerun with -h for copyright info
==1237== Command: /home/codio/workspace/hw3/hw3_tests/llrec_tests/llrec_tests --gtest_filter=Filter.Size3_nF_F_nF
==1237== 
Running main() from /home/codio/googletest/googletest/src/gtest_main.cc
Note: Google Test filter = Filter.Size3_nF_F_nF
[==========] Running 1 test from 1 test suite.
[----------] Global test environment set-up.
[----------] 1 test from Filter
[ RUN      ] Filter.Size3_nF_F_nF
[       OK ] Filter.Size3_nF_F_nF (34 ms)
[----------] 1 test from Filter (45 ms total)

[----------] Global test environment tear-down
[==========] 1 test from 1 test suite ran. (104 ms total)
[  PASSED  ] 1 test.
==1237== 
==1237== HEAP SUMMARY:
==1237==     in use at exit: 16 bytes in 1 blocks
==1237==   total heap usage: 415 allocs, 414 frees, 133,362 bytes allocated
==1237== 
==1237== 16 bytes in 1 blocks are definitely lost in loss record 1 of 1
==1237==    at 0x4C3017F: operator new(unsigned long) (in /usr/lib/valgrind/vgpreload_memcheck-amd64-linux.so)
==1237==    by 0x11AEDF: makeList(std::vector<int, std::allocator<int> > const&) (llrec_test_utils.cpp:20)
==1237==    by 0x113951: Filter_Size3_nF_F_nF_Test::TestBody() (llrec_tests.cpp:335)
==1237==    by 0x5109FD2: void testing::internal::HandleSehExceptionsInMethodIfSupported<testing::Test, void>(testing::Test*, void (testing::Test::*)(), char const*) (in /usr/lib/x86_64-linux-gnu/libgtest.so.1.11.0)
==1237==    by 0x5103038: void testing::internal::HandleExceptionsInMethodIfSupported<testing::Test, void>(testing::Test*, void (testing::Test::*)(), char const*) (in /usr/lib/x86_64-linux-gnu/libgtest.so.1.11.0)
==1237==    by 0x50E00DD: testing::Test::Run() (in /usr/lib/x86_64-linux-gnu/libgtest.so.1.11.0)
==1237==    by 0x50E0AF0: testing::TestInfo::Run() (in /usr/lib/x86_64-linux-gnu/libgtest.so.1.11.0)
==1237==    by 0x50E13EA: testing::TestSuite::Run() (in /usr/lib/x86_64-linux-gnu/libgtest.so.1.11.0)
==1237==    by 0x50F085A: testing::internal::UnitTestImpl::RunAllTests() (in /usr/lib/x86_64-linux-gnu/libgtest.so.1.11.0)
==1237==    by 0x510B1F2: bool testing::internal::HandleSehExceptionsInMethodIfSupported<testing::internal::UnitTestImpl, bool>(testing::internal::UnitTestImpl*, bool (testing::internal::UnitTestImpl::*)(), char const*) (in /usr/lib/x86_64-linux-gnu/libgtest.so.1.11.0)
==1237==    by 0x5103FBC: bool testing::internal::HandleExceptionsInMethodIfSupported<testing::internal::UnitTestImpl, bool>(testing::internal::UnitTestImpl*, bool (testing::internal::UnitTestImpl::*)(), char const*) (in /usr/lib/x86_64-linux-gnu/libgtest.so.1.11.0)
==1237==    by 0x50EEF2E: testing::UnitTest::Run() (in /usr/lib/x86_64-linux-gnu/libgtest.so.1.11.0)
==1237== 
==1237== LEAK SUMMARY:
==1237==    definitely lost: 16 bytes in 1 blocks
==1237==    indirectly lost: 0 bytes in 0 blocks
==1237==      possibly lost: 0 bytes in 0 blocks
==1237==    still reachable: 0 bytes in 0 blocks
==1237==         suppressed: 0 bytes in 0 blocks
==1237== 
==1237== For counts of detected and suppressed errors, rerun with: -v
==1237== ERROR SUMMARY: 1 errors from 1 contexts (suppressed: 0 from 0)
<end of output>
Test time =   1.52 sec
----------------------------------------------------------
Test Failed.
"Filter.Size3_nF_F_nF" end time: Feb 17 22:42 UTC
"Filter.Size3_nF_F_nF" time elapsed: 00:00:01
----------------------------------------------------------

20/50 Testing: Filter.Size3_F_nF_F
20/50 Test: Filter.Size3_F_nF_F
Command: "/usr/bin/valgrind" "--tool=memcheck" "--leak-check=yes" "--trace-children=no" "--error-exitcode=113" "/home/codio/workspace/hw3/hw3_tests/llrec_tests/llrec_tests" "--gtest_filter=Filter.Size3_F_nF_F"
Directory: /home/codio/workspace/hw3/hw3_tests/llrec_tests
"Filter.Size3_F_nF_F" start time: Feb 17 22:42 UTC
Output:
----------------------------------------------------------
==1238== Memcheck, a memory error detector
==1238== Copyright (C) 2002-2017, and GNU GPL'd, by Julian Seward et al.
==1238== Using Valgrind-3.13.0 and LibVEX; rerun with -h for copyright info
==1238== Command: /home/codio/workspace/hw3/hw3_tests/llrec_tests/llrec_tests --gtest_filter=Filter.Size3_F_nF_F
==1238== 
Running main() from /home/codio/googletest/googletest/src/gtest_main.cc
Note: Google Test filter = Filter.Size3_F_nF_F
[==========] Running 1 test from 1 test suite.
[----------] Global test environment set-up.
[----------] 1 test from Filter
[ RUN      ] Filter.Size3_F_nF_F
[       OK ] Filter.Size3_F_nF_F (31 ms)
[----------] 1 test from Filter (40 ms total)

[----------] Global test environment tear-down
[==========] 1 test from 1 test suite ran. (92 ms total)
[  PASSED  ] 1 test.
==1238== 
==1238== HEAP SUMMARY:
==1238==     in use at exit: 32 bytes in 2 blocks
==1238==   total heap usage: 415 allocs, 413 frees, 133,348 bytes allocated
==1238== 
==1238== 16 bytes in 1 blocks are definitely lost in loss record 1 of 2
==1238==    at 0x4C3017F: operator new(unsigned long) (in /usr/lib/valgrind/vgpreload_memcheck-amd64-linux.so)
==1238==    by 0x11AEB2: makeList(std::vector<int, std::allocator<int> > const&) (llrec_test_utils.cpp:16)
==1238==    by 0x113C43: Filter_Size3_F_nF_F_Test::TestBody() (llrec_tests.cpp:345)
==1238==    by 0x5109FD2: void testing::internal::HandleSehExceptionsInMethodIfSupported<testing::Test, void>(testing::Test*, void (testing::Test::*)(), char const*) (in /usr/lib/x86_64-linux-gnu/libgtest.so.1.11.0)
==1238==    by 0x5103038: void testing::internal::HandleExceptionsInMethodIfSupported<testing::Test, void>(testing::Test*, void (testing::Test::*)(), char const*) (in /usr/lib/x86_64-linux-gnu/libgtest.so.1.11.0)
==1238==    by 0x50E00DD: testing::Test::Run() (in /usr/lib/x86_64-linux-gnu/libgtest.so.1.11.0)
==1238==    by 0x50E0AF0: testing::TestInfo::Run() (in /usr/lib/x86_64-linux-gnu/libgtest.so.1.11.0)
==1238==    by 0x50E13EA: testing::TestSuite::Run() (in /usr/lib/x86_64-linux-gnu/libgtest.so.1.11.0)
==1238==    by 0x50F085A: testing::internal::UnitTestImpl::RunAllTests() (in /usr/lib/x86_64-linux-gnu/libgtest.so.1.11.0)
==1238==    by 0x510B1F2: bool testing::internal::HandleSehExceptionsInMethodIfSupported<testing::internal::UnitTestImpl, bool>(testing::internal::UnitTestImpl*, bool (testing::internal::UnitTestImpl::*)(), char const*) (in /usr/lib/x86_64-linux-gnu/libgtest.so.1.11.0)
==1238==    by 0x5103FBC: bool testing::internal::HandleExceptionsInMethodIfSupported<testing::internal::UnitTestImpl, bool>(testing::internal::UnitTestImpl*, bool (testing::internal::UnitTestImpl::*)(), char const*) (in /usr/lib/x86_64-linux-gnu/libgtest.so.1.11.0)
==1238==    by 0x50EEF2E: testing::UnitTest::Run() (in /usr/lib/x86_64-linux-gnu/libgtest.so.1.11.0)
==1238== 
==1238== 16 bytes in 1 blocks are definitely lost in loss record 2 of 2
==1238==    at 0x4C3017F: operator new(unsigned long) (in /usr/lib/valgrind/vgpreload_memcheck-amd64-linux.so)
==1238==    by 0x11AEDF: makeList(std::vector<int, std::allocator<int> > const&) (llrec_test_utils.cpp:20)
==1238==    by 0x113C43: Filter_Size3_F_nF_F_Test::TestBody() (llrec_tests.cpp:345)
==1238==    by 0x5109FD2: void testing::internal::HandleSehExceptionsInMethodIfSupported<testing::Test, void>(testing::Test*, void (testing::Test::*)(), char const*) (in /usr/lib/x86_64-linux-gnu/libgtest.so.1.11.0)
==1238==    by 0x5103038: void testing::internal::HandleExceptionsInMethodIfSupported<testing::Test, void>(testing::Test*, void (testing::Test::*)(), char const*) (in /usr/lib/x86_64-linux-gnu/libgtest.so.1.11.0)
==1238==    by 0x50E00DD: testing::Test::Run() (in /usr/lib/x86_64-linux-gnu/libgtest.so.1.11.0)
==1238==    by 0x50E0AF0: testing::TestInfo::Run() (in /usr/lib/x86_64-linux-gnu/libgtest.so.1.11.0)
==1238==    by 0x50E13EA: testing::TestSuite::Run() (in /usr/lib/x86_64-linux-gnu/libgtest.so.1.11.0)
==1238==    by 0x50F085A: testing::internal::UnitTestImpl::RunAllTests() (in /usr/lib/x86_64-linux-gnu/libgtest.so.1.11.0)
==1238==    by 0x510B1F2: bool testing::internal::HandleSehExceptionsInMethodIfSupported<testing::internal::UnitTestImpl, bool>(testing::internal::UnitTestImpl*, bool (testing::internal::UnitTestImpl::*)(), char const*) (in /usr/lib/x86_64-linux-gnu/libgtest.so.1.11.0)
==1238==    by 0x5103FBC: bool testing::internal::HandleExceptionsInMethodIfSupported<testing::internal::UnitTestImpl, bool>(testing::internal::UnitTestImpl*, bool (testing::internal::UnitTestImpl::*)(), char const*) (in /usr/lib/x86_64-linux-gnu/libgtest.so.1.11.0)
==1238==    by 0x50EEF2E: testing::UnitTest::Run() (in /usr/lib/x86_64-linux-gnu/libgtest.so.1.11.0)
==1238== 
==1238== LEAK SUMMARY:
==1238==    definitely lost: 32 bytes in 2 blocks
==1238==    indirectly lost: 0 bytes in 0 blocks
==1238==      possibly lost: 0 bytes in 0 blocks
==1238==    still reachable: 0 bytes in 0 blocks
==1238==         suppressed: 0 bytes in 0 blocks
==1238== 
==1238== For counts of detected and suppressed errors, rerun with: -v
==1238== ERROR SUMMARY: 2 errors from 2 contexts (suppressed: 0 from 0)
<end of output>
Test time =   1.70 sec
----------------------------------------------------------
Test Failed.
"Filter.Size3_F_nF_F" end time: Feb 17 22:42 UTC
"Filter.Size3_F_nF_F" time elapsed: 00:00:01
----------------------------------------------------------

21/50 Testing: Filter.SameNodeCheck
21/50 Test: Filter.SameNodeCheck
Command: "/usr/bin/valgrind" "--tool=memcheck" "--leak-check=yes" "--trace-children=no" "--error-exitcode=113" "/home/codio/workspace/hw3/hw3_tests/llrec_tests/llrec_tests" "--gtest_filter=Filter.SameNodeCheck"
Directory: /home/codio/workspace/hw3/hw3_tests/llrec_tests
"Filter.SameNodeCheck" start time: Feb 17 22:42 UTC
Output:
----------------------------------------------------------
==1239== Memcheck, a memory error detector
==1239== Copyright (C) 2002-2017, and GNU GPL'd, by Julian Seward et al.
==1239== Using Valgrind-3.13.0 and LibVEX; rerun with -h for copyright info
==1239== Command: /home/codio/workspace/hw3/hw3_tests/llrec_tests/llrec_tests --gtest_filter=Filter.SameNodeCheck
==1239== 
Running main() from /home/codio/googletest/googletest/src/gtest_main.cc
Note: Google Test filter = Filter.SameNodeCheck
[==========] Running 1 test from 1 test suite.
[----------] Global test environment set-up.
[----------] 1 test from Filter
[ RUN      ] Filter.SameNodeCheck
[       OK ] Filter.SameNodeCheck (45 ms)
[----------] 1 test from Filter (57 ms total)

[----------] Global test environment tear-down
[==========] 1 test from 1 test suite ran. (116 ms total)
[  PASSED  ] 1 test.
==1239== 
==1239== HEAP SUMMARY:
==1239==     in use at exit: 16 bytes in 1 blocks
==1239==   total heap usage: 420 allocs, 419 frees, 133,458 bytes allocated
==1239== 
==1239== 16 bytes in 1 blocks are definitely lost in loss record 1 of 1
==1239==    at 0x4C3017F: operator new(unsigned long) (in /usr/lib/valgrind/vgpreload_memcheck-amd64-linux.so)
==1239==    by 0x11AEDF: makeList(std::vector<int, std::allocator<int> > const&) (llrec_test_utils.cpp:20)
==1239==    by 0x113F49: Filter_SameNodeCheck_Test::TestBody() (llrec_tests.cpp:355)
==1239==    by 0x5109FD2: void testing::internal::HandleSehExceptionsInMethodIfSupported<testing::Test, void>(testing::Test*, void (testing::Test::*)(), char const*) (in /usr/lib/x86_64-linux-gnu/libgtest.so.1.11.0)
==1239==    by 0x5103038: void testing::internal::HandleExceptionsInMethodIfSupported<testing::Test, void>(testing::Test*, void (testing::Test::*)(), char const*) (in /usr/lib/x86_64-linux-gnu/libgtest.so.1.11.0)
==1239==    by 0x50E00DD: testing::Test::Run() (in /usr/lib/x86_64-linux-gnu/libgtest.so.1.11.0)
==1239==    by 0x50E0AF0: testing::TestInfo::Run() (in /usr/lib/x86_64-linux-gnu/libgtest.so.1.11.0)
==1239==    by 0x50E13EA: testing::TestSuite::Run() (in /usr/lib/x86_64-linux-gnu/libgtest.so.1.11.0)
==1239==    by 0x50F085A: testing::internal::UnitTestImpl::RunAllTests() (in /usr/lib/x86_64-linux-gnu/libgtest.so.1.11.0)
==1239==    by 0x510B1F2: bool testing::internal::HandleSehExceptionsInMethodIfSupported<testing::internal::UnitTestImpl, bool>(testing::internal::UnitTestImpl*, bool (testing::internal::UnitTestImpl::*)(), char const*) (in /usr/lib/x86_64-linux-gnu/libgtest.so.1.11.0)
==1239==    by 0x5103FBC: bool testing::internal::HandleExceptionsInMethodIfSupported<testing::internal::UnitTestImpl, bool>(testing::internal::UnitTestImpl*, bool (testing::internal::UnitTestImpl::*)(), char const*) (in /usr/lib/x86_64-linux-gnu/libgtest.so.1.11.0)
==1239==    by 0x50EEF2E: testing::UnitTest::Run() (in /usr/lib/x86_64-linux-gnu/libgtest.so.1.11.0)
==1239== 
==1239== LEAK SUMMARY:
==1239==    definitely lost: 16 bytes in 1 blocks
==1239==    indirectly lost: 0 bytes in 0 blocks
==1239==      possibly lost: 0 bytes in 0 blocks
==1239==    still reachable: 0 bytes in 0 blocks
==1239==         suppressed: 0 bytes in 0 blocks
==1239== 
==1239== For counts of detected and suppressed errors, rerun with: -v
==1239== ERROR SUMMARY: 1 errors from 1 contexts (suppressed: 0 from 0)
<end of output>
Test time =   1.53 sec
----------------------------------------------------------
Test Failed.
"Filter.SameNodeCheck" end time: Feb 17 22:42 UTC
"Filter.SameNodeCheck" time elapsed: 00:00:01
----------------------------------------------------------

22/50 Testing: Filter.MultipleCalls
22/50 Test: Filter.MultipleCalls
Command: "/usr/bin/valgrind" "--tool=memcheck" "--leak-check=yes" "--trace-children=no" "--error-exitcode=113" "/home/codio/workspace/hw3/hw3_tests/llrec_tests/llrec_tests" "--gtest_filter=Filter.MultipleCalls"
Directory: /home/codio/workspace/hw3/hw3_tests/llrec_tests
"Filter.MultipleCalls" start time: Feb 17 22:42 UTC
Output:
----------------------------------------------------------
==1240== Memcheck, a memory error detector
==1240== Copyright (C) 2002-2017, and GNU GPL'd, by Julian Seward et al.
==1240== Using Valgrind-3.13.0 and LibVEX; rerun with -h for copyright info
==1240== Command: /home/codio/workspace/hw3/hw3_tests/llrec_tests/llrec_tests --gtest_filter=Filter.MultipleCalls
==1240== 
Running main() from /home/codio/googletest/googletest/src/gtest_main.cc
Note: Google Test filter = Filter.MultipleCalls
[==========] Running 1 test from 1 test suite.
[----------] Global test environment set-up.
[----------] 1 test from Filter
[ RUN      ] Filter.MultipleCalls
[       OK ] Filter.MultipleCalls (38 ms)
[----------] 1 test from Filter (51 ms total)

[----------] Global test environment tear-down
[==========] 1 test from 1 test suite ran. (114 ms total)
[  PASSED  ] 1 test.
==1240== 
==1240== HEAP SUMMARY:
==1240==     in use at exit: 80 bytes in 5 blocks
==1240==   total heap usage: 420 allocs, 415 frees, 133,458 bytes allocated
==1240== 
==1240== 32 (16 direct, 16 indirect) bytes in 1 blocks are definitely lost in loss record 2 of 3
==1240==    at 0x4C3017F: operator new(unsigned long) (in /usr/lib/valgrind/vgpreload_memcheck-amd64-linux.so)
==1240==    by 0x11AEB2: makeList(std::vector<int, std::allocator<int> > const&) (llrec_test_utils.cpp:16)
==1240==    by 0x1145E3: Filter_MultipleCalls_Test::TestBody() (llrec_tests.cpp:380)
==1240==    by 0x5109FD2: void testing::internal::HandleSehExceptionsInMethodIfSupported<testing::Test, void>(testing::Test*, void (testing::Test::*)(), char const*) (in /usr/lib/x86_64-linux-gnu/libgtest.so.1.11.0)
==1240==    by 0x5103038: void testing::internal::HandleExceptionsInMethodIfSupported<testing::Test, void>(testing::Test*, void (testing::Test::*)(), char const*) (in /usr/lib/x86_64-linux-gnu/libgtest.so.1.11.0)
==1240==    by 0x50E00DD: testing::Test::Run() (in /usr/lib/x86_64-linux-gnu/libgtest.so.1.11.0)
==1240==    by 0x50E0AF0: testing::TestInfo::Run() (in /usr/lib/x86_64-linux-gnu/libgtest.so.1.11.0)
==1240==    by 0x50E13EA: testing::TestSuite::Run() (in /usr/lib/x86_64-linux-gnu/libgtest.so.1.11.0)
==1240==    by 0x50F085A: testing::internal::UnitTestImpl::RunAllTests() (in /usr/lib/x86_64-linux-gnu/libgtest.so.1.11.0)
==1240==    by 0x510B1F2: bool testing::internal::HandleSehExceptionsInMethodIfSupported<testing::internal::UnitTestImpl, bool>(testing::internal::UnitTestImpl*, bool (testing::internal::UnitTestImpl::*)(), char const*) (in /usr/lib/x86_64-linux-gnu/libgtest.so.1.11.0)
==1240==    by 0x5103FBC: bool testing::internal::HandleExceptionsInMethodIfSupported<testing::internal::UnitTestImpl, bool>(testing::internal::UnitTestImpl*, bool (testing::internal::UnitTestImpl::*)(), char const*) (in /usr/lib/x86_64-linux-gnu/libgtest.so.1.11.0)
==1240==    by 0x50EEF2E: testing::UnitTest::Run() (in /usr/lib/x86_64-linux-gnu/libgtest.so.1.11.0)
==1240== 
==1240== 48 bytes in 3 blocks are definitely lost in loss record 3 of 3
==1240==    at 0x4C3017F: operator new(unsigned long) (in /usr/lib/valgrind/vgpreload_memcheck-amd64-linux.so)
==1240==    by 0x11AEDF: makeList(std::vector<int, std::allocator<int> > const&) (llrec_test_utils.cpp:20)
==1240==    by 0x1145E3: Filter_MultipleCalls_Test::TestBody() (llrec_tests.cpp:380)
==1240==    by 0x5109FD2: void testing::internal::HandleSehExceptionsInMethodIfSupported<testing::Test, void>(testing::Test*, void (testing::Test::*)(), char const*) (in /usr/lib/x86_64-linux-gnu/libgtest.so.1.11.0)
==1240==    by 0x5103038: void testing::internal::HandleExceptionsInMethodIfSupported<testing::Test, void>(testing::Test*, void (testing::Test::*)(), char const*) (in /usr/lib/x86_64-linux-gnu/libgtest.so.1.11.0)
==1240==    by 0x50E00DD: testing::Test::Run() (in /usr/lib/x86_64-linux-gnu/libgtest.so.1.11.0)
==1240==    by 0x50E0AF0: testing::TestInfo::Run() (in /usr/lib/x86_64-linux-gnu/libgtest.so.1.11.0)
==1240==    by 0x50E13EA: testing::TestSuite::Run() (in /usr/lib/x86_64-linux-gnu/libgtest.so.1.11.0)
==1240==    by 0x50F085A: testing::internal::UnitTestImpl::RunAllTests() (in /usr/lib/x86_64-linux-gnu/libgtest.so.1.11.0)
==1240==    by 0x510B1F2: bool testing::internal::HandleSehExceptionsInMethodIfSupported<testing::internal::UnitTestImpl, bool>(testing::internal::UnitTestImpl*, bool (testing::internal::UnitTestImpl::*)(), char const*) (in /usr/lib/x86_64-linux-gnu/libgtest.so.1.11.0)
==1240==    by 0x5103FBC: bool testing::internal::HandleExceptionsInMethodIfSupported<testing::internal::UnitTestImpl, bool>(testing::internal::UnitTestImpl*, bool (testing::internal::UnitTestImpl::*)(), char const*) (in /usr/lib/x86_64-linux-gnu/libgtest.so.1.11.0)
==1240==    by 0x50EEF2E: testing::UnitTest::Run() (in /usr/lib/x86_64-linux-gnu/libgtest.so.1.11.0)
==1240== 
==1240== LEAK SUMMARY:
==1240==    definitely lost: 64 bytes in 4 blocks
==1240==    indirectly lost: 16 bytes in 1 blocks
==1240==      possibly lost: 0 bytes in 0 blocks
==1240==    still reachable: 0 bytes in 0 blocks
==1240==         suppressed: 0 bytes in 0 blocks
==1240== 
==1240== For counts of detected and suppressed errors, rerun with: -v
==1240== ERROR SUMMARY: 2 errors from 2 contexts (suppressed: 0 from 0)
<end of output>
Test time =   1.55 sec
----------------------------------------------------------
Test Failed.
"Filter.MultipleCalls" end time: Feb 17 22:42 UTC
"Filter.MultipleCalls" time elapsed: 00:00:01
----------------------------------------------------------

23/50 Testing: Filter.CompareWithLlrec
23/50 Test: Filter.CompareWithLlrec
Command: "/usr/bin/valgrind" "--tool=memcheck" "--leak-check=yes" "--trace-children=no" "--error-exitcode=113" "/home/codio/workspace/hw3/hw3_tests/llrec_tests/llrec_tests" "--gtest_filter=Filter.CompareWithLlrec"
Directory: /home/codio/workspace/hw3/hw3_tests/llrec_tests
"Filter.CompareWithLlrec" start time: Feb 17 22:42 UTC
Output:
----------------------------------------------------------
==1241== Memcheck, a memory error detector
==1241== Copyright (C) 2002-2017, and GNU GPL'd, by Julian Seward et al.
==1241== Using Valgrind-3.13.0 and LibVEX; rerun with -h for copyright info
==1241== Command: /home/codio/workspace/hw3/hw3_tests/llrec_tests/llrec_tests --gtest_filter=Filter.CompareWithLlrec
==1241== 
Running main() from /home/codio/googletest/googletest/src/gtest_main.cc
Note: Google Test filter = Filter.CompareWithLlrec
[==========] Running 1 test from 1 test suite.
[----------] Global test environment set-up.
[----------] 1 test from Filter
[ RUN      ] Filter.CompareWithLlrec
[       OK ] Filter.CompareWithLlrec (43 ms)
[----------] 1 test from Filter (52 ms total)

[----------] Global test environment tear-down
[==========] 1 test from 1 test suite ran. (105 ms total)
[  PASSED  ] 1 test.
==1241== 
==1241== HEAP SUMMARY:
==1241==     in use at exit: 64 bytes in 4 blocks
==1241==   total heap usage: 430 allocs, 426 frees, 133,612 bytes allocated
==1241== 
==1241== 16 bytes in 1 blocks are definitely lost in loss record 2 of 4
==1241==    at 0x4C3017F: operator new(unsigned long) (in /usr/lib/valgrind/vgpreload_memcheck-amd64-linux.so)
==1241==    by 0x11AEDF: makeList(std::vector<int, std::allocator<int> > const&) (llrec_test_utils.cpp:20)
==1241==    by 0x114F07: Filter_CompareWithLlrec_Test::TestBody() (llrec_tests.cpp:406)
==1241==    by 0x5109FD2: void testing::internal::HandleSehExceptionsInMethodIfSupported<testing::Test, void>(testing::Test*, void (testing::Test::*)(), char const*) (in /usr/lib/x86_64-linux-gnu/libgtest.so.1.11.0)
==1241==    by 0x5103038: void testing::internal::HandleExceptionsInMethodIfSupported<testing::Test, void>(testing::Test*, void (testing::Test::*)(), char const*) (in /usr/lib/x86_64-linux-gnu/libgtest.so.1.11.0)
==1241==    by 0x50E00DD: testing::Test::Run() (in /usr/lib/x86_64-linux-gnu/libgtest.so.1.11.0)
==1241==    by 0x50E0AF0: testing::TestInfo::Run() (in /usr/lib/x86_64-linux-gnu/libgtest.so.1.11.0)
==1241==    by 0x50E13EA: testing::TestSuite::Run() (in /usr/lib/x86_64-linux-gnu/libgtest.so.1.11.0)
==1241==    by 0x50F085A: testing::internal::UnitTestImpl::RunAllTests() (in /usr/lib/x86_64-linux-gnu/libgtest.so.1.11.0)
==1241==    by 0x510B1F2: bool testing::internal::HandleSehExceptionsInMethodIfSupported<testing::internal::UnitTestImpl, bool>(testing::internal::UnitTestImpl*, bool (testing::internal::UnitTestImpl::*)(), char const*) (in /usr/lib/x86_64-linux-gnu/libgtest.so.1.11.0)
==1241==    by 0x5103FBC: bool testing::internal::HandleExceptionsInMethodIfSupported<testing::internal::UnitTestImpl, bool>(testing::internal::UnitTestImpl*, bool (testing::internal::UnitTestImpl::*)(), char const*) (in /usr/lib/x86_64-linux-gnu/libgtest.so.1.11.0)
==1241==    by 0x50EEF2E: testing::UnitTest::Run() (in /usr/lib/x86_64-linux-gnu/libgtest.so.1.11.0)
==1241== 
==1241== 16 bytes in 1 blocks are definitely lost in loss record 3 of 4
==1241==    at 0x4C3017F: operator new(unsigned long) (in /usr/lib/valgrind/vgpreload_memcheck-amd64-linux.so)
==1241==    by 0x11AEDF: makeList(std::vector<int, std::allocator<int> > const&) (llrec_test_utils.cpp:20)
==1241==    by 0x11537A: Filter_CompareWithLlrec_Test::TestBody() (llrec_tests.cpp:417)
==1241==    by 0x5109FD2: void testing::internal::HandleSehExceptionsInMethodIfSupported<testing::Test, void>(testing::Test*, void (testing::Test::*)(), char const*) (in /usr/lib/x86_64-linux-gnu/libgtest.so.1.11.0)
==1241==    by 0x5103038: void testing::internal::HandleExceptionsInMethodIfSupported<testing::Test, void>(testing::Test*, void (testing::Test::*)(), char const*) (in /usr/lib/x86_64-linux-gnu/libgtest.so.1.11.0)
==1241==    by 0x50E00DD: testing::Test::Run() (in /usr/lib/x86_64-linux-gnu/libgtest.so.1.11.0)
==1241==    by 0x50E0AF0: testing::TestInfo::Run() (in /usr/lib/x86_64-linux-gnu/libgtest.so.1.11.0)
==1241==    by 0x50E13EA: testing::TestSuite::Run() (in /usr/lib/x86_64-linux-gnu/libgtest.so.1.11.0)
==1241==    by 0x50F085A: testing::internal::UnitTestImpl::RunAllTests() (in /usr/lib/x86_64-linux-gnu/libgtest.so.1.11.0)
==1241==    by 0x510B1F2: bool testing::internal::HandleSehExceptionsInMethodIfSupported<testing::internal::UnitTestImpl, bool>(testing::internal::UnitTestImpl*, bool (testing::internal::UnitTestImpl::*)(), char const*) (in /usr/lib/x86_64-linux-gnu/libgtest.so.1.11.0)
==1241==    by 0x5103FBC: bool testing::internal::HandleExceptionsInMethodIfSupported<testing::internal::UnitTestImpl, bool>(testing::internal::UnitTestImpl*, bool (testing::internal::UnitTestImpl::*)(), char const*) (in /usr/lib/x86_64-linux-gnu/libgtest.so.1.11.0)
==1241==    by 0x50EEF2E: testing::UnitTest::Run() (in /usr/lib/x86_64-linux-gnu/libgtest.so.1.11.0)
==1241== 
==1241== 32 (16 direct, 16 indirect) bytes in 1 blocks are definitely lost in loss record 4 of 4
==1241==    at 0x4C3017F: operator new(unsigned long) (in /usr/lib/valgrind/vgpreload_memcheck-amd64-linux.so)
==1241==    by 0x11AEB2: makeList(std::vector<int, std::allocator<int> > const&) (llrec_test_utils.cpp:16)
==1241==    by 0x114F07: Filter_CompareWithLlrec_Test::TestBody() (llrec_tests.cpp:406)
==1241==    by 0x5109FD2: void testing::internal::HandleSehExceptionsInMethodIfSupported<testing::Test, void>(testing::Test*, void (testing::Test::*)(), char const*) (in /usr/lib/x86_64-linux-gnu/libgtest.so.1.11.0)
==1241==    by 0x5103038: void testing::internal::HandleExceptionsInMethodIfSupported<testing::Test, void>(testing::Test*, void (testing::Test::*)(), char const*) (in /usr/lib/x86_64-linux-gnu/libgtest.so.1.11.0)
==1241==    by 0x50E00DD: testing::Test::Run() (in /usr/lib/x86_64-linux-gnu/libgtest.so.1.11.0)
==1241==    by 0x50E0AF0: testing::TestInfo::Run() (in /usr/lib/x86_64-linux-gnu/libgtest.so.1.11.0)
==1241==    by 0x50E13EA: testing::TestSuite::Run() (in /usr/lib/x86_64-linux-gnu/libgtest.so.1.11.0)
==1241==    by 0x50F085A: testing::internal::UnitTestImpl::RunAllTests() (in /usr/lib/x86_64-linux-gnu/libgtest.so.1.11.0)
==1241==    by 0x510B1F2: bool testing::internal::HandleSehExceptionsInMethodIfSupported<testing::internal::UnitTestImpl, bool>(testing::internal::UnitTestImpl*, bool (testing::internal::UnitTestImpl::*)(), char const*) (in /usr/lib/x86_64-linux-gnu/libgtest.so.1.11.0)
==1241==    by 0x5103FBC: bool testing::internal::HandleExceptionsInMethodIfSupported<testing::internal::UnitTestImpl, bool>(testing::internal::UnitTestImpl*, bool (testing::internal::UnitTestImpl::*)(), char const*) (in /usr/lib/x86_64-linux-gnu/libgtest.so.1.11.0)
==1241==    by 0x50EEF2E: testing::UnitTest::Run() (in /usr/lib/x86_64-linux-gnu/libgtest.so.1.11.0)
==1241== 
==1241== LEAK SUMMARY:
==1241==    definitely lost: 48 bytes in 3 blocks
==1241==    indirectly lost: 16 bytes in 1 blocks
==1241==      possibly lost: 0 bytes in 0 blocks
==1241==    still reachable: 0 bytes in 0 blocks
==1241==         suppressed: 0 bytes in 0 blocks
==1241== 
==1241== For counts of detected and suppressed errors, rerun with: -v
==1241== ERROR SUMMARY: 3 errors from 3 contexts (suppressed: 0 from 0)
<end of output>
Test time =   1.64 sec
----------------------------------------------------------
Test Failed.
"Filter.CompareWithLlrec" end time: Feb 17 22:42 UTC
"Filter.CompareWithLlrec" time elapsed: 00:00:01
----------------------------------------------------------

24/50 Testing: Stack.BasicString
24/50 Test: Stack.BasicString
Command: "/usr/bin/valgrind" "--tool=memcheck" "--leak-check=yes" "--trace-children=no" "--error-exitcode=113" "/home/codio/workspace/hw3/hw3_tests/stack_tests/stack_tests" "--gtest_filter=Stack.BasicString"
Directory: /home/codio/workspace/hw3/hw3_tests/stack_tests
"Stack.BasicString" start time: Feb 17 22:42 UTC
Output:
----------------------------------------------------------
valgrind: /home/codio/workspace/hw3/hw3_tests/stack_tests/stack_tests: No such file or directory
<end of output>
Test time =   0.00 sec
----------------------------------------------------------
Test Failed.
"Stack.BasicString" end time: Feb 17 22:42 UTC
"Stack.BasicString" time elapsed: 00:00:00
----------------------------------------------------------

25/50 Testing: Stack.RandomInt
25/50 Test: Stack.RandomInt
Command: "/usr/bin/valgrind" "--tool=memcheck" "--leak-check=yes" "--trace-children=no" "--error-exitcode=113" "/home/codio/workspace/hw3/hw3_tests/stack_tests/stack_tests" "--gtest_filter=Stack.RandomInt"
Directory: /home/codio/workspace/hw3/hw3_tests/stack_tests
"Stack.RandomInt" start time: Feb 17 22:42 UTC
Output:
----------------------------------------------------------
valgrind: /home/codio/workspace/hw3/hw3_tests/stack_tests/stack_tests: No such file or directory
<end of output>
Test time =   0.00 sec
----------------------------------------------------------
Test Failed.
"Stack.RandomInt" end time: Feb 17 22:42 UTC
"Stack.RandomInt" time elapsed: 00:00:00
----------------------------------------------------------

26/50 Testing: HeapTest.ConstructionDestruction
26/50 Test: HeapTest.ConstructionDestruction
Command: "/usr/bin/valgrind" "--tool=memcheck" "--leak-check=yes" "--trace-children=no" "--error-exitcode=113" "/home/codio/workspace/hw3/hw3_tests/heap_tests/heap_tests" "--gtest_filter=HeapTest.ConstructionDestruction"
Directory: /home/codio/workspace/hw3/hw3_tests/heap_tests
"HeapTest.ConstructionDestruction" start time: Feb 17 22:42 UTC
Output:
----------------------------------------------------------
valgrind: /home/codio/workspace/hw3/hw3_tests/heap_tests/heap_tests: No such file or directory
<end of output>
Test time =   0.00 sec
----------------------------------------------------------
Test Failed.
"HeapTest.ConstructionDestruction" end time: Feb 17 22:42 UTC
"HeapTest.ConstructionDestruction" time elapsed: 00:00:00
----------------------------------------------------------

27/50 Testing: HeapTest.InitiallyEmpty
27/50 Test: HeapTest.InitiallyEmpty
Command: "/usr/bin/valgrind" "--tool=memcheck" "--leak-check=yes" "--trace-children=no" "--error-exitcode=113" "/home/codio/workspace/hw3/hw3_tests/heap_tests/heap_tests" "--gtest_filter=HeapTest.InitiallyEmpty"
Directory: /home/codio/workspace/hw3/hw3_tests/heap_tests
"HeapTest.InitiallyEmpty" start time: Feb 17 22:42 UTC
Output:
----------------------------------------------------------
valgrind: /home/codio/workspace/hw3/hw3_tests/heap_tests/heap_tests: No such file or directory
<end of output>
Test time =   0.00 sec
----------------------------------------------------------
Test Failed.
"HeapTest.InitiallyEmpty" end time: Feb 17 22:42 UTC
"HeapTest.InitiallyEmpty" time elapsed: 00:00:00
----------------------------------------------------------

28/50 Testing: HeapTest.EmptyTopException
28/50 Test: HeapTest.EmptyTopException
Command: "/usr/bin/valgrind" "--tool=memcheck" "--leak-check=yes" "--trace-children=no" "--error-exitcode=113" "/home/codio/workspace/hw3/hw3_tests/heap_tests/heap_tests" "--gtest_filter=HeapTest.EmptyTopException"
Directory: /home/codio/workspace/hw3/hw3_tests/heap_tests
"HeapTest.EmptyTopException" start time: Feb 17 22:42 UTC
Output:
----------------------------------------------------------
valgrind: /home/codio/workspace/hw3/hw3_tests/heap_tests/heap_tests: No such file or directory
<end of output>
Test time =   0.00 sec
----------------------------------------------------------
Test Failed.
"HeapTest.EmptyTopException" end time: Feb 17 22:42 UTC
"HeapTest.EmptyTopException" time elapsed: 00:00:00
----------------------------------------------------------

29/50 Testing: HeapTest.EmptyPopException
29/50 Test: HeapTest.EmptyPopException
Command: "/usr/bin/valgrind" "--tool=memcheck" "--leak-check=yes" "--trace-children=no" "--error-exitcode=113" "/home/codio/workspace/hw3/hw3_tests/heap_tests/heap_tests" "--gtest_filter=HeapTest.EmptyPopException"
Directory: /home/codio/workspace/hw3/hw3_tests/heap_tests
"HeapTest.EmptyPopException" start time: Feb 17 22:42 UTC
Output:
----------------------------------------------------------
valgrind: /home/codio/workspace/hw3/hw3_tests/heap_tests/heap_tests: No such file or directory
<end of output>
Test time =   0.00 sec
----------------------------------------------------------
Test Failed.
"HeapTest.EmptyPopException" end time: Feb 17 22:42 UTC
"HeapTest.EmptyPopException" time elapsed: 00:00:00
----------------------------------------------------------

30/50 Testing: HeapTest.SingleItemNonempty
30/50 Test: HeapTest.SingleItemNonempty
Command: "/usr/bin/valgrind" "--tool=memcheck" "--leak-check=yes" "--trace-children=no" "--error-exitcode=113" "/home/codio/workspace/hw3/hw3_tests/heap_tests/heap_tests" "--gtest_filter=HeapTest.SingleItemNonempty"
Directory: /home/codio/workspace/hw3/hw3_tests/heap_tests
"HeapTest.SingleItemNonempty" start time: Feb 17 22:42 UTC
Output:
----------------------------------------------------------
valgrind: /home/codio/workspace/hw3/hw3_tests/heap_tests/heap_tests: No such file or directory
<end of output>
Test time =   0.00 sec
----------------------------------------------------------
Test Failed.
"HeapTest.SingleItemNonempty" end time: Feb 17 22:42 UTC
"HeapTest.SingleItemNonempty" time elapsed: 00:00:00
----------------------------------------------------------

31/50 Testing: HeapTest.SingleItemPush
31/50 Test: HeapTest.SingleItemPush
Command: "/usr/bin/valgrind" "--tool=memcheck" "--leak-check=yes" "--trace-children=no" "--error-exitcode=113" "/home/codio/workspace/hw3/hw3_tests/heap_tests/heap_tests" "--gtest_filter=HeapTest.SingleItemPush"
Directory: /home/codio/workspace/hw3/hw3_tests/heap_tests
"HeapTest.SingleItemPush" start time: Feb 17 22:42 UTC
Output:
----------------------------------------------------------
valgrind: /home/codio/workspace/hw3/hw3_tests/heap_tests/heap_tests: No such file or directory
<end of output>
Test time =   0.00 sec
----------------------------------------------------------
Test Failed.
"HeapTest.SingleItemPush" end time: Feb 17 22:42 UTC
"HeapTest.SingleItemPush" time elapsed: 00:00:00
----------------------------------------------------------

32/50 Testing: HeapTest.SingleItemPushPop
32/50 Test: HeapTest.SingleItemPushPop
Command: "/usr/bin/valgrind" "--tool=memcheck" "--leak-check=yes" "--trace-children=no" "--error-exitcode=113" "/home/codio/workspace/hw3/hw3_tests/heap_tests/heap_tests" "--gtest_filter=HeapTest.SingleItemPushPop"
Directory: /home/codio/workspace/hw3/hw3_tests/heap_tests
"HeapTest.SingleItemPushPop" start time: Feb 17 22:42 UTC
Output:
----------------------------------------------------------
valgrind: /home/codio/workspace/hw3/hw3_tests/heap_tests/heap_tests: No such file or directory
<end of output>
Test time =   0.00 sec
----------------------------------------------------------
Test Failed.
"HeapTest.SingleItemPushPop" end time: Feb 17 22:42 UTC
"HeapTest.SingleItemPushPop" time elapsed: 00:00:00
----------------------------------------------------------

33/50 Testing: HeapTest.TwoElementPush_LowPriFirst
33/50 Test: HeapTest.TwoElementPush_LowPriFirst
Command: "/usr/bin/valgrind" "--tool=memcheck" "--leak-check=yes" "--trace-children=no" "--error-exitcode=113" "/home/codio/workspace/hw3/hw3_tests/heap_tests/heap_tests" "--gtest_filter=HeapTest.TwoElementPush_LowPriFirst"
Directory: /home/codio/workspace/hw3/hw3_tests/heap_tests
"HeapTest.TwoElementPush_LowPriFirst" start time: Feb 17 22:42 UTC
Output:
----------------------------------------------------------
valgrind: /home/codio/workspace/hw3/hw3_tests/heap_tests/heap_tests: No such file or directory
<end of output>
Test time =   0.00 sec
----------------------------------------------------------
Test Failed.
"HeapTest.TwoElementPush_LowPriFirst" end time: Feb 17 22:42 UTC
"HeapTest.TwoElementPush_LowPriFirst" time elapsed: 00:00:00
----------------------------------------------------------

34/50 Testing: HeapTest.TwoElementPush_HighPriFirst
34/50 Test: HeapTest.TwoElementPush_HighPriFirst
Command: "/usr/bin/valgrind" "--tool=memcheck" "--leak-check=yes" "--trace-children=no" "--error-exitcode=113" "/home/codio/workspace/hw3/hw3_tests/heap_tests/heap_tests" "--gtest_filter=HeapTest.TwoElementPush_HighPriFirst"
Directory: /home/codio/workspace/hw3/hw3_tests/heap_tests
"HeapTest.TwoElementPush_HighPriFirst" start time: Feb 17 22:42 UTC
Output:
----------------------------------------------------------
valgrind: /home/codio/workspace/hw3/hw3_tests/heap_tests/heap_tests: No such file or directory
<end of output>
Test time =   0.00 sec
----------------------------------------------------------
Test Failed.
"HeapTest.TwoElementPush_HighPriFirst" end time: Feb 17 22:42 UTC
"HeapTest.TwoElementPush_HighPriFirst" time elapsed: 00:00:00
----------------------------------------------------------

35/50 Testing: HeapTest.Duplicates
35/50 Test: HeapTest.Duplicates
Command: "/usr/bin/valgrind" "--tool=memcheck" "--leak-check=yes" "--trace-children=no" "--error-exitcode=113" "/home/codio/workspace/hw3/hw3_tests/heap_tests/heap_tests" "--gtest_filter=HeapTest.Duplicates"
Directory: /home/codio/workspace/hw3/hw3_tests/heap_tests
"HeapTest.Duplicates" start time: Feb 17 22:42 UTC
Output:
----------------------------------------------------------
valgrind: /home/codio/workspace/hw3/hw3_tests/heap_tests/heap_tests: No such file or directory
<end of output>
Test time =   0.00 sec
----------------------------------------------------------
Test Failed.
"HeapTest.Duplicates" end time: Feb 17 22:42 UTC
"HeapTest.Duplicates" time elapsed: 00:00:00
----------------------------------------------------------

36/50 Testing: HeapTest.NegativeElements
36/50 Test: HeapTest.NegativeElements
Command: "/usr/bin/valgrind" "--tool=memcheck" "--leak-check=yes" "--trace-children=no" "--error-exitcode=113" "/home/codio/workspace/hw3/hw3_tests/heap_tests/heap_tests" "--gtest_filter=HeapTest.NegativeElements"
Directory: /home/codio/workspace/hw3/hw3_tests/heap_tests
"HeapTest.NegativeElements" start time: Feb 17 22:42 UTC
Output:
----------------------------------------------------------
valgrind: /home/codio/workspace/hw3/hw3_tests/heap_tests/heap_tests: No such file or directory
<end of output>
Test time =   0.00 sec
----------------------------------------------------------
Test Failed.
"HeapTest.NegativeElements" end time: Feb 17 22:42 UTC
"HeapTest.NegativeElements" time elapsed: 00:00:00
----------------------------------------------------------

37/50 Testing: HeapTest.ThreeElementPush_0_5_10
37/50 Test: HeapTest.ThreeElementPush_0_5_10
Command: "/usr/bin/valgrind" "--tool=memcheck" "--leak-check=yes" "--trace-children=no" "--error-exitcode=113" "/home/codio/workspace/hw3/hw3_tests/heap_tests/heap_tests" "--gtest_filter=HeapTest.ThreeElementPush_0_5_10"
Directory: /home/codio/workspace/hw3/hw3_tests/heap_tests
"HeapTest.ThreeElementPush_0_5_10" start time: Feb 17 22:42 UTC
Output:
----------------------------------------------------------
valgrind: /home/codio/workspace/hw3/hw3_tests/heap_tests/heap_tests: No such file or directory
<end of output>
Test time =   0.00 sec
----------------------------------------------------------
Test Failed.
"HeapTest.ThreeElementPush_0_5_10" end time: Feb 17 22:42 UTC
"HeapTest.ThreeElementPush_0_5_10" time elapsed: 00:00:00
----------------------------------------------------------

38/50 Testing: HeapTest.ThreeElementPush_0_10_5
38/50 Test: HeapTest.ThreeElementPush_0_10_5
Command: "/usr/bin/valgrind" "--tool=memcheck" "--leak-check=yes" "--trace-children=no" "--error-exitcode=113" "/home/codio/workspace/hw3/hw3_tests/heap_tests/heap_tests" "--gtest_filter=HeapTest.ThreeElementPush_0_10_5"
Directory: /home/codio/workspace/hw3/hw3_tests/heap_tests
"HeapTest.ThreeElementPush_0_10_5" start time: Feb 17 22:42 UTC
Output:
----------------------------------------------------------
valgrind: /home/codio/workspace/hw3/hw3_tests/heap_tests/heap_tests: No such file or directory
<end of output>
Test time =   0.00 sec
----------------------------------------------------------
Test Failed.
"HeapTest.ThreeElementPush_0_10_5" end time: Feb 17 22:42 UTC
"HeapTest.ThreeElementPush_0_10_5" time elapsed: 00:00:00
----------------------------------------------------------

39/50 Testing: HeapTest.ThreeElementPush_5_0_10
39/50 Test: HeapTest.ThreeElementPush_5_0_10
Command: "/usr/bin/valgrind" "--tool=memcheck" "--leak-check=yes" "--trace-children=no" "--error-exitcode=113" "/home/codio/workspace/hw3/hw3_tests/heap_tests/heap_tests" "--gtest_filter=HeapTest.ThreeElementPush_5_0_10"
Directory: /home/codio/workspace/hw3/hw3_tests/heap_tests
"HeapTest.ThreeElementPush_5_0_10" start time: Feb 17 22:42 UTC
Output:
----------------------------------------------------------
valgrind: /home/codio/workspace/hw3/hw3_tests/heap_tests/heap_tests: No such file or directory
<end of output>
Test time =   0.00 sec
----------------------------------------------------------
Test Failed.
"HeapTest.ThreeElementPush_5_0_10" end time: Feb 17 22:42 UTC
"HeapTest.ThreeElementPush_5_0_10" time elapsed: 00:00:00
----------------------------------------------------------

40/50 Testing: HeapTest.ThreeElementPush_5_10_0
40/50 Test: HeapTest.ThreeElementPush_5_10_0
Command: "/usr/bin/valgrind" "--tool=memcheck" "--leak-check=yes" "--trace-children=no" "--error-exitcode=113" "/home/codio/workspace/hw3/hw3_tests/heap_tests/heap_tests" "--gtest_filter=HeapTest.ThreeElementPush_5_10_0"
Directory: /home/codio/workspace/hw3/hw3_tests/heap_tests
"HeapTest.ThreeElementPush_5_10_0" start time: Feb 17 22:42 UTC
Output:
----------------------------------------------------------
valgrind: /home/codio/workspace/hw3/hw3_tests/heap_tests/heap_tests: No such file or directory
<end of output>
Test time =   0.00 sec
----------------------------------------------------------
Test Failed.
"HeapTest.ThreeElementPush_5_10_0" end time: Feb 17 22:42 UTC
"HeapTest.ThreeElementPush_5_10_0" time elapsed: 00:00:00
----------------------------------------------------------

41/50 Testing: HeapTest.ThreeElementPush_10_0_5
41/50 Test: HeapTest.ThreeElementPush_10_0_5
Command: "/usr/bin/valgrind" "--tool=memcheck" "--leak-check=yes" "--trace-children=no" "--error-exitcode=113" "/home/codio/workspace/hw3/hw3_tests/heap_tests/heap_tests" "--gtest_filter=HeapTest.ThreeElementPush_10_0_5"
Directory: /home/codio/workspace/hw3/hw3_tests/heap_tests
"HeapTest.ThreeElementPush_10_0_5" start time: Feb 17 22:42 UTC
Output:
----------------------------------------------------------
valgrind: /home/codio/workspace/hw3/hw3_tests/heap_tests/heap_tests: No such file or directory
<end of output>
Test time =   0.00 sec
----------------------------------------------------------
Test Failed.
"HeapTest.ThreeElementPush_10_0_5" end time: Feb 17 22:42 UTC
"HeapTest.ThreeElementPush_10_0_5" time elapsed: 00:00:00
----------------------------------------------------------

42/50 Testing: HeapTest.ThreeElementPush_10_5_0
42/50 Test: HeapTest.ThreeElementPush_10_5_0
Command: "/usr/bin/valgrind" "--tool=memcheck" "--leak-check=yes" "--trace-children=no" "--error-exitcode=113" "/home/codio/workspace/hw3/hw3_tests/heap_tests/heap_tests" "--gtest_filter=HeapTest.ThreeElementPush_10_5_0"
Directory: /home/codio/workspace/hw3/hw3_tests/heap_tests
"HeapTest.ThreeElementPush_10_5_0" start time: Feb 17 22:42 UTC
Output:
----------------------------------------------------------
valgrind: /home/codio/workspace/hw3/hw3_tests/heap_tests/heap_tests: No such file or directory
<end of output>
Test time =   0.00 sec
----------------------------------------------------------
Test Failed.
"HeapTest.ThreeElementPush_10_5_0" end time: Feb 17 22:42 UTC
"HeapTest.ThreeElementPush_10_5_0" time elapsed: 00:00:00
----------------------------------------------------------

43/50 Testing: HeapTest.GreaterComparator
43/50 Test: HeapTest.GreaterComparator
Command: "/usr/bin/valgrind" "--tool=memcheck" "--leak-check=yes" "--trace-children=no" "--error-exitcode=113" "/home/codio/workspace/hw3/hw3_tests/heap_tests/heap_tests" "--gtest_filter=HeapTest.GreaterComparator"
Directory: /home/codio/workspace/hw3/hw3_tests/heap_tests
"HeapTest.GreaterComparator" start time: Feb 17 22:42 UTC
Output:
----------------------------------------------------------
valgrind: /home/codio/workspace/hw3/hw3_tests/heap_tests/heap_tests: No such file or directory
<end of output>
Test time =   0.00 sec
----------------------------------------------------------
Test Failed.
"HeapTest.GreaterComparator" end time: Feb 17 22:42 UTC
"HeapTest.GreaterComparator" time elapsed: 00:00:00
----------------------------------------------------------

44/50 Testing: HeapTest.StringStorage
44/50 Test: HeapTest.StringStorage
Command: "/usr/bin/valgrind" "--tool=memcheck" "--leak-check=yes" "--trace-children=no" "--error-exitcode=113" "/home/codio/workspace/hw3/hw3_tests/heap_tests/heap_tests" "--gtest_filter=HeapTest.StringStorage"
Directory: /home/codio/workspace/hw3/hw3_tests/heap_tests
"HeapTest.StringStorage" start time: Feb 17 22:42 UTC
Output:
----------------------------------------------------------
valgrind: /home/codio/workspace/hw3/hw3_tests/heap_tests/heap_tests: No such file or directory
<end of output>
Test time =   0.00 sec
----------------------------------------------------------
Test Failed.
"HeapTest.StringStorage" end time: Feb 17 22:42 UTC
"HeapTest.StringStorage" time elapsed: 00:00:00
----------------------------------------------------------

45/50 Testing: HeapTest.FiveElementPush_TrinaryHeap
45/50 Test: HeapTest.FiveElementPush_TrinaryHeap
Command: "/usr/bin/valgrind" "--tool=memcheck" "--leak-check=yes" "--trace-children=no" "--error-exitcode=113" "/home/codio/workspace/hw3/hw3_tests/heap_tests/heap_tests" "--gtest_filter=HeapTest.FiveElementPush_TrinaryHeap"
Directory: /home/codio/workspace/hw3/hw3_tests/heap_tests
"HeapTest.FiveElementPush_TrinaryHeap" start time: Feb 17 22:42 UTC
Output:
----------------------------------------------------------
valgrind: /home/codio/workspace/hw3/hw3_tests/heap_tests/heap_tests: No such file or directory
<end of output>
Test time =   0.00 sec
----------------------------------------------------------
Test Failed.
"HeapTest.FiveElementPush_TrinaryHeap" end time: Feb 17 22:42 UTC
"HeapTest.FiveElementPush_TrinaryHeap" time elapsed: 00:00:00
----------------------------------------------------------

46/50 Testing: HeapTest.SixElementPush_QuaternaryHeap
46/50 Test: HeapTest.SixElementPush_QuaternaryHeap
Command: "/usr/bin/valgrind" "--tool=memcheck" "--leak-check=yes" "--trace-children=no" "--error-exitcode=113" "/home/codio/workspace/hw3/hw3_tests/heap_tests/heap_tests" "--gtest_filter=HeapTest.SixElementPush_QuaternaryHeap"
Directory: /home/codio/workspace/hw3/hw3_tests/heap_tests
"HeapTest.SixElementPush_QuaternaryHeap" start time: Feb 17 22:42 UTC
Output:
----------------------------------------------------------
valgrind: /home/codio/workspace/hw3/hw3_tests/heap_tests/heap_tests: No such file or directory
<end of output>
Test time =   0.00 sec
----------------------------------------------------------
Test Failed.
"HeapTest.SixElementPush_QuaternaryHeap" end time: Feb 17 22:42 UTC
"HeapTest.SixElementPush_QuaternaryHeap" time elapsed: 00:00:00
----------------------------------------------------------

47/50 Testing: HeapStress.50x50RandomElements_BinaryHeap
47/50 Test: HeapStress.50x50RandomElements_BinaryHeap
Command: "/usr/bin/valgrind" "--tool=memcheck" "--leak-check=yes" "--trace-children=no" "--error-exitcode=113" "/home/codio/workspace/hw3/hw3_tests/heap_tests/heap_tests" "--gtest_filter=HeapStress.50x50RandomElements_BinaryHeap"
Directory: /home/codio/workspace/hw3/hw3_tests/heap_tests
"HeapStress.50x50RandomElements_BinaryHeap" start time: Feb 17 22:42 UTC
Output:
----------------------------------------------------------
valgrind: /home/codio/workspace/hw3/hw3_tests/heap_tests/heap_tests: No such file or directory
<end of output>
Test time =   0.00 sec
----------------------------------------------------------
Test Failed.
"HeapStress.50x50RandomElements_BinaryHeap" end time: Feb 17 22:42 UTC
"HeapStress.50x50RandomElements_BinaryHeap" time elapsed: 00:00:00
----------------------------------------------------------

48/50 Testing: HeapStress.50x50RandomElements_QuaternaryHeap
48/50 Test: HeapStress.50x50RandomElements_QuaternaryHeap
Command: "/usr/bin/valgrind" "--tool=memcheck" "--leak-check=yes" "--trace-children=no" "--error-exitcode=113" "/home/codio/workspace/hw3/hw3_tests/heap_tests/heap_tests" "--gtest_filter=HeapStress.50x50RandomElements_QuaternaryHeap"
Directory: /home/codio/workspace/hw3/hw3_tests/heap_tests
"HeapStress.50x50RandomElements_QuaternaryHeap" start time: Feb 17 22:42 UTC
Output:
----------------------------------------------------------
valgrind: /home/codio/workspace/hw3/hw3_tests/heap_tests/heap_tests: No such file or directory
<end of output>
Test time =   0.00 sec
----------------------------------------------------------
Test Failed.
"HeapStress.50x50RandomElements_QuaternaryHeap" end time: Feb 17 22:42 UTC
"HeapStress.50x50RandomElements_QuaternaryHeap" time elapsed: 00:00:00
----------------------------------------------------------

49/50 Testing: HeapStress.50x50RandomElements_DodecenaryHeap
49/50 Test: HeapStress.50x50RandomElements_DodecenaryHeap
Command: "/usr/bin/valgrind" "--tool=memcheck" "--leak-check=yes" "--trace-children=no" "--error-exitcode=113" "/home/codio/workspace/hw3/hw3_tests/heap_tests/heap_tests" "--gtest_filter=HeapStress.50x50RandomElements_DodecenaryHeap"
Directory: /home/codio/workspace/hw3/hw3_tests/heap_tests
"HeapStress.50x50RandomElements_DodecenaryHeap" start time: Feb 17 22:42 UTC
Output:
----------------------------------------------------------
valgrind: /home/codio/workspace/hw3/hw3_tests/heap_tests/heap_tests: No such file or directory
<end of output>
Test time =   0.00 sec
----------------------------------------------------------
Test Failed.
"HeapStress.50x50RandomElements_DodecenaryHeap" end time: Feb 17 22:42 UTC
"HeapStress.50x50RandomElements_DodecenaryHeap" time elapsed: 00:00:00
----------------------------------------------------------

50/50 Testing: HeapStress.2x2000RandomElements_Binary
50/50 Test: HeapStress.2x2000RandomElements_Binary
Command: "/usr/bin/valgrind" "--tool=memcheck" "--leak-check=yes" "--trace-children=no" "--error-exitcode=113" "/home/codio/workspace/hw3/hw3_tests/heap_tests/heap_tests" "--gtest_filter=HeapStress.2x2000RandomElements_Binary"
Directory: /home/codio/workspace/hw3/hw3_tests/heap_tests
"HeapStress.2x2000RandomElements_Binary" start time: Feb 17 22:42 UTC
Output:
----------------------------------------------------------
valgrind: /home/codio/workspace/hw3/hw3_tests/heap_tests/heap_tests: No such file or directory
<end of output>
Test time =   0.00 sec
----------------------------------------------------------
Test Failed.
"HeapStress.2x2000RandomElements_Binary" end time: Feb 17 22:42 UTC
"HeapStress.2x2000RandomElements_Binary" time elapsed: 00:00:00
----------------------------------------------------------

End testing: Feb 17 22:42 UTC
